Loaded 23 stars from embedded database
Loaded star names from embedded database
ITALOccultCalc v1.0 [Native API Workflow]
Successfully loaded de440.bsp
✓ DE441 loaded (Native Reader): /Users/michelebigi/.ioccultcalc/ephemerides/de441_part-2.bsp
✓ DE441 loaded (Native Reader): /Users/michelebigi/.ioccultcalc/ephemerides/de441_part-2.bsp
Loading asteroid 34713 elements from EQ1...
[EQ1Parser] Found EQU: a=2.80412 h=-0.0182337 k=0.172197
[AstDynWrapper] Caricata matrice di covarianza per 34713
✓ DE441 loaded (Native Reader): /Users/michelebigi/.ioccultcalc/ephemerides/de441_part-2.bsp
Phase 1: Screening stars in 1 deg corridor...
[PHASE1] Starting native screening for 34713 (MJD 61049 to 61051)...
[PHASE1] Path start: RA=86.1732 Dec=26.5729
[PHASE1] Path end:   RA=85.7711 Dec=26.46
[PHASE1] Querying Gaia catalog with 49 ICRF points...
Optimized Corridor: 49 points -> 1 query cones.
[PHASE1] Screening complete. Found 93 candidates (24725 stars in corridor).
Found 93 candidates (24725 stars initially in corridor).
[VERIFY] Star 3441366322859801216 FOUND in Phase 1 candidates!

Phase 2: Calculating precise geometry for 93 candidates...
[PHASE2] Refining orbit for asteroid 34713 using last 100 observations...
[MPCClient] Downloading observations from AstDyS: https://newton.spacedys.com/~astdys2/mpcobs/numbered/34/34713.rwo
[MPCClient] Parsing RWO with native library parser...
[MPCClient] Successfully loaded 2656 observations from RWO.
[PHASE2] Retrieved 100 observations. Time range: MJD 60608.8 to 60951.5
[PHASE2] Starting refined orbital fit (verbose mode)...
[DEBUG_ASTDYN] MJD=61049
  Initial Elements Check: a=2.80412 AU
  Result RA/Dec (ICRF):  86.1732 / 26.5729
  Result Distance:       1.86796 AU
  (Bit-Consistency with Phase 1 should lead to RA ~86.42)

[VERIFICATION] Phase 1 (Initial) @ MJD 61049.00000 (9 Jan 2026 0:00):
  RA: 86.17321 deg (5.74488 h)
  Dec: 26.57294 deg
  Dist: 1.86796 AU
  RA (hms): 5h 44m 41.571s
  Dec (dms): +26d 34' 22.60"

[DEBUG] Converting initial elements to AstDyn format (Ecliptic)...
[DEBUG] Performing Ecliptic -> Equatorial transformation...
[DEBUG]   Cartesian Ecliptic: pos=[0.30 2.69 0.16]
[DEBUG]   State Ecliptic (Cartesian): pos=[0.30 2.69 0.16]
[DEBUG]   Calling ReferenceFrame::transform_state(ECLIPTIC -> J2000)...
[DEBUG]   State Equatorial (Cartesian): pos=[0.30 2.41 1.22]
[DEBUG]   Initial Orbit (Equatorial Kep): i=27.09 deg, Omega=343.28 deg
[DEBUG] Setting engine configuration...
[DEBUG] Calling AsteroidFitter::fitFromConfig...
Loading DE441 Ephemeris: /Users/michelebigi/.ioccultcalc/ephemerides/de441_part-2.bsp...
✓ DE441 loaded (Native Reader): /Users/michelebigi/.ioccultcalc/ephemerides/de441_part-2.bsp
DE441 Loaded successfully.

Initial orbit set:
  Epoch: 61000.000000 MJD TDB
  a = 2.804117 AU
  e = 0.173159
  i = 27.086714 deg

=== Differential Correction ===
Observations: 100
Max iterations: 20
Convergence threshold: 0.000000

========================================
Differential Corrections
========================================
Observations: 100
Max iterations: 20
Convergence: 0.000000 AU

[TRACE] MJD UTC: 60608.758605 (M22)
[TRACE-VAL] Earth Helio at MJD 60608.758605: [0.8386770701 0.4898610585 0.2123404013]
[DEBUG V2] Sigma Check:
  Obs RA/Dec: 311.4565583333 / -10.8553194444 deg
  Fit RA/Dec: 311.4574510576 / -10.8548986659 deg
  Residual:   -3.1562991572 / -1.5148027312 arcsec
  Sigma:      0.5000000000 / 0.5000000000 arcsec
  Weight:     170180681184.6087951660 / 170180681184.6087951660
[RESID] M22 RA: -3.1563" Dec: -1.5148"
[TRACE] MJD UTC: 60608.764518 (M22)
[RESID] M22 RA: -3.2641" Dec: -1.2852"
[TRACE] MJD UTC: 60608.766377 (M22)
[RESID] M22 RA: -2.9686" Dec: -1.6658"
[TRACE] MJD UTC: 60608.769584 (M22)
[RESID] M22 RA: -3.3845" Dec: -1.2824"
[TRACE] MJD UTC: 60608.775457 (M22)
[RESID] M22 RA: -3.2529" Dec: -1.2549"
[TRACE] MJD UTC: 60608.775912 (M22)
[RESID] M22 RA: -3.3476" Dec: -0.9581"
[TRACE] MJD UTC: 60608.785469 (M22)
[RESID] M22 RA: -3.5701" Dec: -1.1854"
[TRACE] MJD UTC: 60611.014536 (W68)
[RESID] W68 RA: -2.6717" Dec: -1.3988"
[TRACE] MJD UTC: 60611.017729 (W68)
[RESID] W68 RA: -2.5945" Dec: -1.5513"
[TRACE] MJD UTC: 60611.023620 (W68)
[RESID] W68 RA: -2.4103" Dec: -1.4591"
[TRACE] MJD UTC: 60611.035071 (W68)
[RESID] W68 RA: -3.5753" Dec: -1.3535"
[TRACE] MJD UTC: 60612.756788 (M22)
[RESID] M22 RA: -1.5672" Dec: -1.4113"
[TRACE] MJD UTC: 60612.760435 (M22)
[RESID] M22 RA: -2.5617" Dec: -1.2271"
[TRACE] MJD UTC: 60612.765885 (M22)
[RESID] M22 RA: -2.1846" Dec: -0.9513"
[TRACE] MJD UTC: 60612.777702 (M22)
[RESID] M22 RA: -2.7950" Dec: -0.4578"
[TRACE] MJD UTC: 60614.227689 (T08)
[RESID] T08 RA: -2.3131" Dec: -4.6092"
[TRACE] MJD UTC: 60614.230922 (T08)
[RESID] T08 RA: -1.7633" Dec: -4.6875"
[TRACE] MJD UTC: 60614.236467 (T08)
[RESID] T08 RA: -1.5759" Dec: -4.6883"
[TRACE] MJD UTC: 60614.266327 (T08)
[RESID] T08 RA: -1.8150" Dec: -4.5357"
[TRACE] MJD UTC: 60616.105419 (G96)
[RESID] G96 RA: -1.1114" Dec: -5.4785"
[TRACE] MJD UTC: 60616.111077 (G96)
[RESID] G96 RA: -1.1675" Dec: -5.4248"
[TRACE] MJD UTC: 60616.116734 (G96)
[RESID] G96 RA: -1.3413" Dec: -5.4111"
[TRACE] MJD UTC: 60616.122385 (G96)
[RESID] G96 RA: -1.4949" Dec: -5.4261"
[TRACE] MJD UTC: 60616.231414 (T05)
[RESID] T05 RA: -1.2930" Dec: -5.1823"
[TRACE] MJD UTC: 60616.238673 (T05)
[RESID] T05 RA: -1.0691" Dec: -4.8060"
[TRACE] MJD UTC: 60616.241835 (T05)
[RESID] T05 RA: -1.3626" Dec: -4.7931"
[TRACE] MJD UTC: 60616.252361 (T05)
[RESID] T05 RA: -1.6549" Dec: -4.8604"
[TRACE] MJD UTC: 60618.232027 (T08)
[RESID] T08 RA: -0.2591" Dec: -4.5441"
[TRACE] MJD UTC: 60618.235263 (T08)
[RESID] T08 RA: -0.6192" Dec: -4.8355"
[TRACE] MJD UTC: 60618.242298 (T08)
[RESID] T08 RA: -0.8456" Dec: -4.5234"
[TRACE] MJD UTC: 60618.245072 (T08)
[RESID] T08 RA: -0.8576" Dec: -4.2963"
[TRACE] MJD UTC: 60618.245534 (T08)
[RESID] T08 RA: -0.7486" Dec: -4.2351"
[TRACE] MJD UTC: 60618.260780 (T08)
[RESID] T08 RA: -1.5511" Dec: -3.7642"
[TRACE] MJD UTC: 60619.008172 (W68)
[RESID] W68 RA: -0.7037" Dec: -1.1833"
[TRACE] MJD UTC: 60619.011910 (W68)
[RESID] W68 RA: -0.5209" Dec: -1.0801"
[TRACE] MJD UTC: 60619.012361 (W68)
[RESID] W68 RA: -0.8339" Dec: -0.8080"
[TRACE] MJD UTC: 60619.015556 (W68)
[RESID] W68 RA: -0.6282" Dec: -1.1030"
[TRACE] MJD UTC: 60619.019640 (W68)
[RESID] W68 RA: -1.0355" Dec: -1.0204"
[TRACE] MJD UTC: 60619.020996 (W68)
[RESID] W68 RA: -0.5458" Dec: -0.3648"
[TRACE] MJD UTC: 60619.034234 (W68)
[RESID] W68 RA: -1.1824" Dec: -0.7655"
[TRACE] MJD UTC: 60619.036040 (W68)
[RESID] W68 RA: -1.1085" Dec: -1.4177"
[TRACE] MJD UTC: 60619.453742 (D29)
[RESID] D29 RA: -0.1299" Dec: -5.0364"
[TRACE] MJD UTC: 60619.467883 (D29)
[RESID] D29 RA: -0.0505" Dec: -5.1678"
[TRACE] MJD UTC: 60619.482024 (D29)
[RESID] D29 RA: -0.7121" Dec: -5.1002"
[TRACE] MJD UTC: 60624.262954 (T05)
[RESID] T05 RA: 0.2608" Dec: -3.5268"
[TRACE] MJD UTC: 60624.266120 (T05)
[RESID] T05 RA: -0.2203" Dec: -3.6581"
[TRACE] MJD UTC: 60624.273359 (T05)
[RESID] T05 RA: -1.2007" Dec: -3.8149"
[TRACE] MJD UTC: 60624.286098 (T05)
[RESID] T05 RA: -0.3274" Dec: -3.4931"
[TRACE] MJD UTC: 60633.057693 (703)
[RESID] 703 RA: 1.4629" Dec: -3.4427"
[TRACE] MJD UTC: 60633.059976 (703)
[RESID] 703 RA: 3.0897" Dec: -3.3192"
[TRACE] MJD UTC: 60633.062257 (703)
[RESID] 703 RA: 3.6521" Dec: -2.8751"
[TRACE] MJD UTC: 60633.064538 (703)
[RESID] 703 RA: 3.4738" Dec: -3.2909"
[TRACE] MJD UTC: 60636.205823 (T05)
[RESID] T05 RA: 3.1945" Dec: -2.8071"
[TRACE] MJD UTC: 60636.209006 (T05)
[RESID] T05 RA: 3.1007" Dec: -2.2554"
[TRACE] MJD UTC: 60636.223152 (T05)
[RESID] T05 RA: 3.4380" Dec: -2.8149"
[TRACE] MJD UTC: 60636.228576 (T05)
[RESID] T05 RA: 0.8700" Dec: -3.1752"
[TRACE] MJD UTC: 60638.200066 (T08)
[RESID] T08 RA: 1.6175" Dec: -0.2471"
[TRACE] MJD UTC: 60638.217036 (T08)
[RESID] T08 RA: 3.7601" Dec: -2.0046"
[TRACE] MJD UTC: 60638.220701 (T08)
[RESID] T08 RA: 3.1742" Dec: -2.5662"
[TRACE] MJD UTC: 60638.226681 (T08)
[RESID] T08 RA: 3.3427" Dec: -2.5818"
[TRACE] MJD UTC: 60640.198643 (T05)
[RESID] T05 RA: 4.5989" Dec: -1.8352"
[TRACE] MJD UTC: 60640.202287 (T05)
[RESID] T05 RA: 4.0880" Dec: -2.6091"
[TRACE] MJD UTC: 60640.207749 (T05)
[RESID] T05 RA: 3.7793" Dec: -1.6937"
[TRACE] MJD UTC: 60640.220547 (T05)
[RESID] T05 RA: 3.5735" Dec: -1.7652"
[TRACE] MJD UTC: 60646.461628 (D29)
[RESID] D29 RA: 5.0914" Dec: -2.3385"
[TRACE] MJD UTC: 60646.475769 (D29)
[RESID] D29 RA: 5.5490" Dec: -2.6967"
[TRACE] MJD UTC: 60666.223608 (T08)
[RESID] T08 RA: 8.3295" Dec: 0.0348"
[TRACE] MJD UTC: 60666.227754 (T08)
[RESID] T08 RA: 7.9092" Dec: 0.0232"
[TRACE] MJD UTC: 60666.235564 (T08)
[RESID] T08 RA: 8.0016" Dec: 1.0178"
[TRACE] MJD UTC: 60666.254416 (T08)
[RESID] T08 RA: 7.7791" Dec: -0.0760"
[TRACE] MJD UTC: 60903.565113 (T08)
[RESID] T08 RA: 11.5054" Dec: 1.5417"
[TRACE] MJD UTC: 60903.572067 (T08)
[RESID] T08 RA: 11.9349" Dec: 2.2361"
[TRACE] MJD UTC: 60903.573460 (T08)
[RESID] T08 RA: 11.5013" Dec: 2.5868"
[TRACE] MJD UTC: 60903.581795 (T08)
[RESID] T08 RA: 11.5393" Dec: 2.1233"
[TRACE] MJD UTC: 60903.588734 (T08)
[RESID] T08 RA: 12.0811" Dec: 1.8895"
[TRACE] MJD UTC: 60903.590127 (T08)
[RESID] T08 RA: 12.1223" Dec: 1.7403"
[TRACE] MJD UTC: 60915.579726 (T05)
[RESID] T05 RA: 9.2928" Dec: 1.6058"
[TRACE] MJD UTC: 60915.588019 (T05)
[RESID] T05 RA: 9.2661" Dec: 2.3013"
[TRACE] MJD UTC: 60915.596304 (T05)
[RESID] T05 RA: 8.8021" Dec: 1.7673"
[TRACE] MJD UTC: 60915.604605 (T05)
[RESID] T05 RA: 8.6097" Dec: 1.6928"
[TRACE] MJD UTC: 60919.601811 (T05)
[RESID] T05 RA: 7.9564" Dec: 1.5485"
[TRACE] MJD UTC: 60919.604560 (T05)
[RESID] T05 RA: 8.1007" Dec: 1.2546"
[TRACE] MJD UTC: 60919.610543 (T05)
[RESID] T05 RA: 8.2063" Dec: 1.2521"
[TRACE] MJD UTC: 60919.620514 (T05)
[RESID] T05 RA: 8.2918" Dec: 2.3482"
[TRACE] MJD UTC: 60929.597705 (T05)
[RESID] T05 RA: 6.6034" Dec: 1.3639"
[TRACE] MJD UTC: 60929.600637 (T05)
[RESID] T05 RA: 4.8692" Dec: 1.7091"
[TRACE] MJD UTC: 60929.623854 (T05)
[RESID] T05 RA: 4.8427" Dec: 2.4123"
[TRACE] MJD UTC: 60929.629934 (T05)
[RESID] T05 RA: 5.4876" Dec: 2.3119"
[TRACE] MJD UTC: 60941.581306 (T05)
[RESID] T05 RA: 2.6394" Dec: 2.5432"
[TRACE] MJD UTC: 60941.584479 (T05)
[RESID] T05 RA: 2.8453" Dec: 2.1227"
[TRACE] MJD UTC: 60941.589997 (T05)
[RESID] T05 RA: 2.3435" Dec: 2.2789"
[TRACE] MJD UTC: 60941.600432 (T05)
[RESID] T05 RA: 1.6355" Dec: 2.1219"
[TRACE] MJD UTC: 60947.572902 (T05)
[RESID] T05 RA: 1.1395" Dec: 2.1300"
[TRACE] MJD UTC: 60947.575748 (T05)
[RESID] T05 RA: 0.8043" Dec: 2.3324"
[TRACE] MJD UTC: 60947.583013 (T05)
[RESID] T05 RA: 1.3979" Dec: 1.5917"
[TRACE] MJD UTC: 60947.588057 (T05)
[RESID] T05 RA: 1.2993" Dec: 1.6623"
[TRACE] MJD UTC: 60951.438910 (G96)
[RESID] G96 RA: -0.1918" Dec: 1.5905"
[TRACE] MJD UTC: 60951.444145 (G96)
[RESID] G96 RA: -0.2278" Dec: 1.5798"
[TRACE] MJD UTC: 60951.449380 (G96)
[RESID] G96 RA: -0.3160" Dec: 1.5292"
[TRACE] MJD UTC: 60951.454614 (G96)
[RESID] G96 RA: -0.4557" Dec: 1.6986"

[DEBUG] Iteration 1 - First Observation Diagnostic:
[DEBUG]   MJD UTC:    60608.758605
[DEBUG]   Obs RA/Dec: 311.456558 / -10.855319 deg
[DEBUG]   Fit RA/Dec: 311.457451 / -10.854899 deg
[DEBUG]   Residual:   -3.156299 / -1.514803 arcsec
[DEBUG]   RMS Total:  3.898977 arcsec
Iter  1: RMS = 3.899 arcsec, ||Δx|| = 4.95e-04 AU, Outliers = 0
[TRACE] MJD UTC: 6.060876e+04 (M22)
[RESID] M22 RA: -0.3591" Dec: 2.8126"
[TRACE] MJD UTC: 60608.764518 (M22)
[RESID] M22 RA: -0.4681" Dec: 3.0415"
[TRACE] MJD UTC: 60608.766377 (M22)
[RESID] M22 RA: -0.1730" Dec: 2.6607"
[TRACE] MJD UTC: 60608.769584 (M22)
[RESID] M22 RA: -0.5895" Dec: 3.0438"
[TRACE] MJD UTC: 60608.775457 (M22)
[RESID] M22 RA: -0.4591" Dec: 3.0705"
[TRACE] MJD UTC: 60608.775912 (M22)
[RESID] M22 RA: -0.5539" Dec: 3.3673"
[TRACE] MJD UTC: 60608.785469 (M22)
[RESID] M22 RA: -0.7784" Dec: 3.1389"
[TRACE] MJD UTC: 60611.014536 (W68)
[RESID] W68 RA: -0.3331" Dec: 2.6626"
[TRACE] MJD UTC: 60611.017729 (W68)
[RESID] W68 RA: -0.2565" Dec: 2.5097"
[TRACE] MJD UTC: 60611.023620 (W68)
[RESID] W68 RA: -0.0736" Dec: 2.6012"
[TRACE] MJD UTC: 60611.035071 (W68)
[RESID] W68 RA: -1.2408" Dec: 2.7055"
[TRACE] MJD UTC: 60612.756788 (M22)
[RESID] M22 RA: 0.4200" Dec: 2.4465"
[TRACE] MJD UTC: 60612.760435 (M22)
[RESID] M22 RA: -0.5752" Dec: 2.6303"
[TRACE] MJD UTC: 60612.765885 (M22)
[RESID] M22 RA: -0.1992" Dec: 2.9055"
[TRACE] MJD UTC: 60612.777702 (M22)
[RESID] M22 RA: -0.8120" Dec: 3.3975"
[TRACE] MJD UTC: 60614.227689 (T08)
[RESID] T08 RA: -0.6207" Dec: -0.9222"
[TRACE] MJD UTC: 60614.230922 (T08)
[RESID] T08 RA: -0.0716" Dec: -1.0009"
[TRACE] MJD UTC: 60614.236467 (T08)
[RESID] T08 RA: 0.1147" Dec: -1.0023"
[TRACE] MJD UTC: 60614.266327 (T08)
[RESID] T08 RA: -0.1304" Dec: -0.8532"
[TRACE] MJD UTC: 60616.105419 (G96)
[RESID] G96 RA: 0.2072" Dec: -2.0081"
[TRACE] MJD UTC: 60616.111077 (G96)
[RESID] G96 RA: 0.1499" Dec: -1.9550"
[TRACE] MJD UTC: 60616.116734 (G96)
[RESID] G96 RA: -0.0250" Dec: -1.9420"
[TRACE] MJD UTC: 60616.122385 (G96)
[RESID] G96 RA: -0.1797" Dec: -1.9576"
[TRACE] MJD UTC: 60616.231414 (T05)
[RESID] T05 RA: 0.0006" Dec: -1.7263"
[TRACE] MJD UTC: 60616.238673 (T05)
[RESID] T05 RA: 0.2231" Dec: -1.3509"
[TRACE] MJD UTC: 60616.241835 (T05)
[RESID] T05 RA: -0.0711" Dec: -1.3383"
[TRACE] MJD UTC: 60616.252361 (T05)
[RESID] T05 RA: -0.3654" Dec: -1.4068"
[TRACE] MJD UTC: 60618.232027 (T08)
[RESID] T08 RA: 0.6396" Dec: -1.3170"
[TRACE] MJD UTC: 60618.235263 (T08)
[RESID] T08 RA: 0.2789" Dec: -1.6088"
[TRACE] MJD UTC: 60618.242298 (T08)
[RESID] T08 RA: 0.0511" Dec: -1.2975"
[TRACE] MJD UTC: 60618.245072 (T08)
[RESID] T08 RA: 0.0386" Dec: -1.0707"
[TRACE] MJD UTC: 60618.245534 (T08)
[RESID] T08 RA: 0.1475" Dec: -1.0095"
[TRACE] MJD UTC: 60618.260780 (T08)
[RESID] T08 RA: -0.6579" Dec: -0.5404"
[TRACE] MJD UTC: 60619.008172 (W68)
[RESID] W68 RA: 0.0428" Dec: 1.9555"
[TRACE] MJD UTC: 60619.011910 (W68)
[RESID] W68 RA: 0.2249" Dec: 2.0582"
[TRACE] MJD UTC: 60619.012361 (W68)
[RESID] W68 RA: -0.0882" Dec: 2.3303"
[TRACE] MJD UTC: 60619.015556 (W68)
[RESID] W68 RA: 0.1169" Dec: 2.0350"
[TRACE] MJD UTC: 60619.019640 (W68)
[RESID] W68 RA: -0.2912" Dec: 2.1171"
[TRACE] MJD UTC: 60619.020996 (W68)
[RESID] W68 RA: 0.1982" Dec: 2.7725"
[TRACE] MJD UTC: 60619.034234 (W68)
[RESID] W68 RA: -0.4410" Dec: 2.3703"
[TRACE] MJD UTC: 60619.036040 (W68)
[RESID] W68 RA: -0.3675" Dec: 1.7179"
[TRACE] MJD UTC: 60619.453742 (D29)
[RESID] D29 RA: 0.5294" Dec: -1.9483"
[TRACE] MJD UTC: 60619.467883 (D29)
[RESID] D29 RA: 0.6061" Dec: -2.0812"
[TRACE] MJD UTC: 60619.482024 (D29)
[RESID] D29 RA: -0.0583" Dec: -2.0153"
[TRACE] MJD UTC: 60624.262954 (T05)
[RESID] T05 RA: -0.0098" Dec: -0.9796"
[TRACE] MJD UTC: 60624.266120 (T05)
[RESID] T05 RA: -0.4915" Dec: -1.1113"
[TRACE] MJD UTC: 60624.273359 (T05)
[RESID] T05 RA: -1.4732" Dec: -1.2688"
[TRACE] MJD UTC: 60624.286098 (T05)
[RESID] T05 RA: -0.6024" Dec: -0.9484"
[TRACE] MJD UTC: 60633.057693 (703)
[RESID] 703 RA: -0.4539" Dec: -1.8625"
[TRACE] MJD UTC: 60633.059976 (703)
[RESID] 703 RA: 1.1724" Dec: -1.7393"
[TRACE] MJD UTC: 60633.062257 (703)
[RESID] 703 RA: 1.7344" Dec: -1.2954"
[TRACE] MJD UTC: 60633.064538 (703)
[RESID] 703 RA: 1.5557" Dec: -1.7115"
[TRACE] MJD UTC: 60636.205823 (T05)
[RESID] T05 RA: 0.7059" Dec: -1.5666"
[TRACE] MJD UTC: 60636.209006 (T05)
[RESID] T05 RA: 0.6115" Dec: -1.0153"
[TRACE] MJD UTC: 60636.223152 (T05)
[RESID] T05 RA: 0.9463" Dec: -1.5763"
[TRACE] MJD UTC: 60636.228576 (T05)
[RESID] T05 RA: -1.6227" Dec: -1.9372"
[TRACE] MJD UTC: 60638.200066 (T08)
[RESID] T08 RA: -1.2286" Dec: 0.7798"
[TRACE] MJD UTC: 60638.217036 (T08)
[RESID] T08 RA: 0.9110" Dec: -0.9795"
[TRACE] MJD UTC: 60638.220701 (T08)
[RESID] T08 RA: 0.3245" Dec: -1.5415"
[TRACE] MJD UTC: 60638.226681 (T08)
[RESID] T08 RA: 0.4920" Dec: -1.5577"
[TRACE] MJD UTC: 60640.198643 (T05)
[RESID] T05 RA: 1.3984" Dec: -1.0210"
[TRACE] MJD UTC: 60640.202287 (T05)
[RESID] T05 RA: 0.8869" Dec: -1.7953"
[TRACE] MJD UTC: 60640.207749 (T05)
[RESID] T05 RA: 0.5772" Dec: -0.8804"
[TRACE] MJD UTC: 60640.220547 (T05)
[RESID] T05 RA: 0.3692" Dec: -0.9533"
[TRACE] MJD UTC: 60646.461628 (D29)
[RESID] D29 RA: 0.8047" Dec: -2.1827"
[TRACE] MJD UTC: 60646.475769 (D29)
[RESID] D29 RA: 1.2600" Dec: -2.5423"
[TRACE] MJD UTC: 60666.223608 (T08)
[RESID] T08 RA: 0.8634" Dec: -1.7975"
[TRACE] MJD UTC: 60666.227754 (T08)
[RESID] T08 RA: 0.4425" Dec: -1.8094"
[TRACE] MJD UTC: 60666.235564 (T08)
[RESID] T08 RA: 0.5336" Dec: -0.8156"
[TRACE] MJD UTC: 60666.254416 (T08)
[RESID] T08 RA: 0.3083" Dec: -1.9113"
[TRACE] MJD UTC: 60903.565113 (T08)
[RESID] T08 RA: 1.5279" Dec: 0.0118"
[TRACE] MJD UTC: 60903.572067 (T08)
[RESID] T08 RA: 1.9586" Dec: 0.7064"
[TRACE] MJD UTC: 60903.573460 (T08)
[RESID] T08 RA: 1.5252" Dec: 1.0571"
[TRACE] MJD UTC: 60903.581795 (T08)
[RESID] T08 RA: 1.5647" Dec: 0.5938"
[TRACE] MJD UTC: 60903.588734 (T08)
[RESID] T08 RA: 2.1077" Dec: 0.3601"
[TRACE] MJD UTC: 60903.590127 (T08)
[RESID] T08 RA: 2.1491" Dec: 0.2109"
[TRACE] MJD UTC: 60915.579726 (T05)
[RESID] T05 RA: 1.5292" Dec: 0.2298"
[TRACE] MJD UTC: 60915.588019 (T05)
[RESID] T05 RA: 1.5042" Dec: 0.9252"
[TRACE] MJD UTC: 60915.596304 (T05)
[RESID] T05 RA: 1.0417" Dec: 0.3912"
[TRACE] MJD UTC: 60915.604605 (T05)
[RESID] T05 RA: 0.8510" Dec: 0.3168"
[TRACE] MJD UTC: 60919.601811 (T05)
[RESID] T05 RA: 0.9828" Dec: 0.1773"
[TRACE] MJD UTC: 60919.604560 (T05)
[RESID] T05 RA: 1.1276" Dec: -0.1166"
[TRACE] MJD UTC: 60919.610543 (T05)
[RESID] T05 RA: 1.2344" Dec: -0.1191"
[TRACE] MJD UTC: 60919.620514 (T05)
[RESID] T05 RA: 1.3219" Dec: 0.9769"
[TRACE] MJD UTC: 60929.597705 (T05)
[RESID] T05 RA: 1.6891" Dec: -0.0996"
[TRACE] MJD UTC: 60929.600637 (T05)
[RESID] T05 RA: -0.0445" Dec: 0.2456"
[TRACE] MJD UTC: 60929.623854 (T05)
[RESID] T05 RA: -0.0660" Dec: 0.9484"
[TRACE] MJD UTC: 60929.629934 (T05)
[RESID] T05 RA: 0.5802" Dec: 0.8479"
[TRACE] MJD UTC: 60941.581306 (T05)
[RESID] T05 RA: 0.3449" Dec: 0.7749"
[TRACE] MJD UTC: 60941.584479 (T05)
[RESID] T05 RA: 0.5515" Dec: 0.3543"
[TRACE] MJD UTC: 60941.589997 (T05)
[RESID] T05 RA: 0.0509" Dec: 0.5102"
[TRACE] MJD UTC: 60941.600432 (T05)
[RESID] T05 RA: -0.6547" Dec: 0.3529"
[TRACE] MJD UTC: 60947.572902 (T05)
[RESID] T05 RA: 0.1976" Dec: 0.1344"
[TRACE] MJD UTC: 60947.575748 (T05)
[RESID] T05 RA: -0.1370" Dec: 0.3367"
[TRACE] MJD UTC: 60947.583013 (T05)
[RESID] T05 RA: 0.4583" Dec: -0.4043"
[TRACE] MJD UTC: 60947.588057 (T05)
[RESID] T05 RA: 0.3608" Dec: -0.3339"
[TRACE] MJD UTC: 60951.438910 (G96)
[RESID] G96 RA: -0.2524" Dec: -0.5758"
[TRACE] MJD UTC: 60951.444145 (G96)
[RESID] G96 RA: -0.2872" Dec: -0.5866"
[TRACE] MJD UTC: 60951.449380 (G96)
[RESID] G96 RA: -0.3742" Dec: -0.6375"
[TRACE] MJD UTC: 60951.454614 (G96)
[RESID] G96 RA: -0.5126" Dec: -0.4684"
Iter  2: RMS = 1.319 arcsec, ||Δx|| = 8.03e-05 AU, Outliers = 0
[TRACE] MJD UTC: 6.060876e+04 (M22)
[RESID] M22 RA: -0.3950" Dec: 2.8603"
[TRACE] MJD UTC: 60608.764518 (M22)
[RESID] M22 RA: -0.5040" Dec: 3.0891"
[TRACE] MJD UTC: 60608.766377 (M22)
[RESID] M22 RA: -0.2089" Dec: 2.7083"
[TRACE] MJD UTC: 60608.769584 (M22)
[RESID] M22 RA: -0.6254" Dec: 3.0914"
[TRACE] MJD UTC: 60608.775457 (M22)
[RESID] M22 RA: -0.4950" Dec: 3.1181"
[TRACE] MJD UTC: 60608.775912 (M22)
[RESID] M22 RA: -0.5897" Dec: 3.4149"
[TRACE] MJD UTC: 60608.785469 (M22)
[RESID] M22 RA: -0.8142" Dec: 3.1864"
[TRACE] MJD UTC: 60611.014536 (W68)
[RESID] W68 RA: -0.3596" Dec: 2.7016"
[TRACE] MJD UTC: 60611.017729 (W68)
[RESID] W68 RA: -0.2829" Dec: 2.5487"
[TRACE] MJD UTC: 60611.023620 (W68)
[RESID] W68 RA: -0.1000" Dec: 2.6401"
[TRACE] MJD UTC: 60611.035071 (W68)
[RESID] W68 RA: -1.2672" Dec: 2.7443"
[TRACE] MJD UTC: 60612.756788 (M22)
[RESID] M22 RA: 0.4002" Dec: 2.4788"
[TRACE] MJD UTC: 60612.760435 (M22)
[RESID] M22 RA: -0.5950" Dec: 2.6626"
[TRACE] MJD UTC: 60612.765885 (M22)
[RESID] M22 RA: -0.2189" Dec: 2.9377"
[TRACE] MJD UTC: 60612.777702 (M22)
[RESID] M22 RA: -0.8317" Dec: 3.4297"
[TRACE] MJD UTC: 60614.227689 (T08)
[RESID] T08 RA: -0.6352" Dec: -0.8955"
[TRACE] MJD UTC: 60614.230922 (T08)
[RESID] T08 RA: -0.0861" Dec: -0.9742"
[TRACE] MJD UTC: 60614.236467 (T08)
[RESID] T08 RA: 0.1002" Dec: -0.9756"
[TRACE] MJD UTC: 60614.266327 (T08)
[RESID] T08 RA: -0.1448" Dec: -0.8266"
[TRACE] MJD UTC: 60616.105419 (G96)
[RESID] G96 RA: 0.1988" Dec: -1.9884"
[TRACE] MJD UTC: 60616.111077 (G96)
[RESID] G96 RA: 0.1415" Dec: -1.9354"
[TRACE] MJD UTC: 60616.116734 (G96)
[RESID] G96 RA: -0.0334" Dec: -1.9223"
[TRACE] MJD UTC: 60616.122385 (G96)
[RESID] G96 RA: -0.1881" Dec: -1.9379"
[TRACE] MJD UTC: 60616.231414 (T05)
[RESID] T05 RA: -0.0074" Dec: -1.7071"
[TRACE] MJD UTC: 60616.238673 (T05)
[RESID] T05 RA: 0.2151" Dec: -1.3317"
[TRACE] MJD UTC: 60616.241835 (T05)
[RESID] T05 RA: -0.0791" Dec: -1.3192"
[TRACE] MJD UTC: 60616.252361 (T05)
[RESID] T05 RA: -0.3734" Dec: -1.3877"
[TRACE] MJD UTC: 60618.232027 (T08)
[RESID] T08 RA: 0.6373" Dec: -1.3052"
[TRACE] MJD UTC: 60618.235263 (T08)
[RESID] T08 RA: 0.2766" Dec: -1.5971"
[TRACE] MJD UTC: 60618.242298 (T08)
[RESID] T08 RA: 0.0488" Dec: -1.2858"
[TRACE] MJD UTC: 60618.245072 (T08)
[RESID] T08 RA: 0.0363" Dec: -1.0590"
[TRACE] MJD UTC: 60618.245534 (T08)
[RESID] T08 RA: 0.1452" Dec: -0.9978"
[TRACE] MJD UTC: 60618.260780 (T08)
[RESID] T08 RA: -0.6602" Dec: -0.5287"
[TRACE] MJD UTC: 60619.008172 (W68)
[RESID] W68 RA: 0.0425" Dec: 1.9644"
[TRACE] MJD UTC: 60619.011910 (W68)
[RESID] W68 RA: 0.2245" Dec: 2.0671"
[TRACE] MJD UTC: 60619.012361 (W68)
[RESID] W68 RA: -0.0886" Dec: 2.3392"
[TRACE] MJD UTC: 60619.015556 (W68)
[RESID] W68 RA: 0.1166" Dec: 2.0438"
[TRACE] MJD UTC: 60619.019640 (W68)
[RESID] W68 RA: -0.2915" Dec: 2.1259"
[TRACE] MJD UTC: 60619.020996 (W68)
[RESID] W68 RA: 0.1979" Dec: 2.7813"
[TRACE] MJD UTC: 60619.034234 (W68)
[RESID] W68 RA: -0.4413" Dec: 2.3790"
[TRACE] MJD UTC: 60619.036040 (W68)
[RESID] W68 RA: -0.3678" Dec: 1.7266"
[TRACE] MJD UTC: 60619.453742 (D29)
[RESID] D29 RA: 0.5302" Dec: -1.9411"
[TRACE] MJD UTC: 60619.467883 (D29)
[RESID] D29 RA: 0.6069" Dec: -2.0741"
[TRACE] MJD UTC: 60619.482024 (D29)
[RESID] D29 RA: -0.0575" Dec: -2.0082"
[TRACE] MJD UTC: 60624.262954 (T05)
[RESID] T05 RA: 0.0002" Dec: -0.9903"
[TRACE] MJD UTC: 60624.266120 (T05)
[RESID] T05 RA: -0.4815" Dec: -1.1219"
[TRACE] MJD UTC: 60624.273359 (T05)
[RESID] T05 RA: -1.4633" Dec: -1.2795"
[TRACE] MJD UTC: 60624.286098 (T05)
[RESID] T05 RA: -0.5924" Dec: -0.9592"
[TRACE] MJD UTC: 60633.057693 (703)
[RESID] 703 RA: -0.4400" Dec: -1.9063"
[TRACE] MJD UTC: 60633.059976 (703)
[RESID] 703 RA: 1.1863" Dec: -1.7831"
[TRACE] MJD UTC: 60633.062257 (703)
[RESID] 703 RA: 1.7484" Dec: -1.3392"
[TRACE] MJD UTC: 60633.064538 (703)
[RESID] 703 RA: 1.5696" Dec: -1.7553"
[TRACE] MJD UTC: 60636.205823 (T05)
[RESID] T05 RA: 0.7172" Dec: -1.6226"
[TRACE] MJD UTC: 60636.209006 (T05)
[RESID] T05 RA: 0.6228" Dec: -1.0713"
[TRACE] MJD UTC: 60636.223152 (T05)
[RESID] T05 RA: 0.9575" Dec: -1.6324"
[TRACE] MJD UTC: 60636.228576 (T05)
[RESID] T05 RA: -1.6114" Dec: -1.9933"
[TRACE] MJD UTC: 60638.200066 (T08)
[RESID] T08 RA: -1.2201" Dec: 0.7160"
[TRACE] MJD UTC: 60638.217036 (T08)
[RESID] T08 RA: 0.9195" Dec: -1.0434"
[TRACE] MJD UTC: 60638.220701 (T08)
[RESID] T08 RA: 0.3330" Dec: -1.6054"
[TRACE] MJD UTC: 60638.226681 (T08)
[RESID] T08 RA: 0.5004" Dec: -1.6216"
[TRACE] MJD UTC: 60640.198643 (T05)
[RESID] T05 RA: 1.4033" Dec: -1.0928"
[TRACE] MJD UTC: 60640.202287 (T05)
[RESID] T05 RA: 0.8918" Dec: -1.8671"
[TRACE] MJD UTC: 60640.207749 (T05)
[RESID] T05 RA: 0.5821" Dec: -0.9523"
[TRACE] MJD UTC: 60640.220547 (T05)
[RESID] T05 RA: 0.3741" Dec: -1.0252"
[TRACE] MJD UTC: 60646.461628 (D29)
[RESID] D29 RA: 0.7928" Dec: -2.2802"
[TRACE] MJD UTC: 60646.475769 (D29)
[RESID] D29 RA: 1.2480" Dec: -2.6399"
[TRACE] MJD UTC: 60666.223608 (T08)
[RESID] T08 RA: 0.7484" Dec: -1.9860"
[TRACE] MJD UTC: 60666.227754 (T08)
[RESID] T08 RA: 0.3275" Dec: -1.9980"
[TRACE] MJD UTC: 60666.235564 (T08)
[RESID] T08 RA: 0.4185" Dec: -1.0042"
[TRACE] MJD UTC: 60666.254416 (T08)
[RESID] T08 RA: 0.1931" Dec: -2.1000"
[TRACE] MJD UTC: 60903.565113 (T08)
[RESID] T08 RA: 0.3532" Dec: -0.0612"
[TRACE] MJD UTC: 60903.572067 (T08)
[RESID] T08 RA: 0.7841" Dec: 0.6335"
[TRACE] MJD UTC: 60903.573460 (T08)
[RESID] T08 RA: 0.3507" Dec: 0.9842"
[TRACE] MJD UTC: 60903.581795 (T08)
[RESID] T08 RA: 0.3903" Dec: 0.5209"
[TRACE] MJD UTC: 60903.588734 (T08)
[RESID] T08 RA: 0.9334" Dec: 0.2873"
[TRACE] MJD UTC: 60903.590127 (T08)
[RESID] T08 RA: 0.9749" Dec: 0.1381"
[TRACE] MJD UTC: 60915.579726 (T05)
[RESID] T05 RA: 0.5934" Dec: 0.2154"
[TRACE] MJD UTC: 60915.588019 (T05)
[RESID] T05 RA: 0.5685" Dec: 0.9109"
[TRACE] MJD UTC: 60915.596304 (T05)
[RESID] T05 RA: 0.1062" Dec: 0.3770"
[TRACE] MJD UTC: 60915.604605 (T05)
[RESID] T05 RA: -0.0843" Dec: 0.3026"
[TRACE] MJD UTC: 60919.601811 (T05)
[RESID] T05 RA: 0.1360" Dec: 0.1785"
[TRACE] MJD UTC: 60919.604560 (T05)
[RESID] T05 RA: 0.2809" Dec: -0.1154"
[TRACE] MJD UTC: 60919.610543 (T05)
[RESID] T05 RA: 0.3878" Dec: -0.1179"
[TRACE] MJD UTC: 60919.620514 (T05)
[RESID] T05 RA: 0.4755" Dec: 0.9782"
[TRACE] MJD UTC: 60929.597705 (T05)
[RESID] T05 RA: 1.0815" Dec: -0.0694"
[TRACE] MJD UTC: 60929.600637 (T05)
[RESID] T05 RA: -0.6520" Dec: 0.2757"
[TRACE] MJD UTC: 60929.623854 (T05)
[RESID] T05 RA: -0.6730" Dec: 0.9786"
[TRACE] MJD UTC: 60929.629934 (T05)
[RESID] T05 RA: -0.0265" Dec: 0.8781"
[TRACE] MJD UTC: 60941.581306 (T05)
[RESID] T05 RA: 0.0529" Dec: 0.8216"
[TRACE] MJD UTC: 60941.584479 (T05)
[RESID] T05 RA: 0.2595" Dec: 0.4010"
[TRACE] MJD UTC: 60941.589997 (T05)
[RESID] T05 RA: -0.2409" Dec: 0.5570"
[TRACE] MJD UTC: 60941.600432 (T05)
[RESID] T05 RA: -0.9463" Dec: 0.3996"
[TRACE] MJD UTC: 60947.572902 (T05)
[RESID] T05 RA: 0.0716" Dec: 0.1826"
[TRACE] MJD UTC: 60947.575748 (T05)
[RESID] T05 RA: -0.2630" Dec: 0.3848"
[TRACE] MJD UTC: 60947.583013 (T05)
[RESID] T05 RA: 0.3325" Dec: -0.3562"
[TRACE] MJD UTC: 60947.588057 (T05)
[RESID] T05 RA: 0.2352" Dec: -0.2858"
[TRACE] MJD UTC: 60951.438910 (G96)
[RESID] G96 RA: -0.2698" Dec: -0.5289"
[TRACE] MJD UTC: 60951.444145 (G96)
[RESID] G96 RA: -0.3045" Dec: -0.5397"
[TRACE] MJD UTC: 60951.449380 (G96)
[RESID] G96 RA: -0.3913" Dec: -0.5906"
[TRACE] MJD UTC: 60951.454614 (G96)
[RESID] G96 RA: -0.5296" Dec: -0.4215"
Iter  3: RMS = 1.280 arcsec, ||Δx|| = 9.72e-06 AU, Outliers = 0
[TRACE] MJD UTC: 6.060876e+04 (M22)
[RESID] M22 RA: -0.4030" Dec: 2.8654"
[TRACE] MJD UTC: 60608.764518 (M22)
[RESID] M22 RA: -0.5120" Dec: 3.0943"
[TRACE] MJD UTC: 60608.766377 (M22)
[RESID] M22 RA: -0.2169" Dec: 2.7135"
[TRACE] MJD UTC: 60608.769584 (M22)
[RESID] M22 RA: -0.6334" Dec: 3.0965"
[TRACE] MJD UTC: 60608.775457 (M22)
[RESID] M22 RA: -0.5030" Dec: 3.1232"
[TRACE] MJD UTC: 60608.775912 (M22)
[RESID] M22 RA: -0.5977" Dec: 3.4200"
[TRACE] MJD UTC: 60608.785469 (M22)
[RESID] M22 RA: -0.8222" Dec: 3.1915"
[TRACE] MJD UTC: 60611.014536 (W68)
[RESID] W68 RA: -0.3659" Dec: 2.7058"
[TRACE] MJD UTC: 60611.017729 (W68)
[RESID] W68 RA: -0.2892" Dec: 2.5529"
[TRACE] MJD UTC: 60611.023620 (W68)
[RESID] W68 RA: -0.1063" Dec: 2.6444"
[TRACE] MJD UTC: 60611.035071 (W68)
[RESID] W68 RA: -1.2735" Dec: 2.7486"
[TRACE] MJD UTC: 60612.756788 (M22)
[RESID] M22 RA: 0.3952" Dec: 2.4824"
[TRACE] MJD UTC: 60612.760435 (M22)
[RESID] M22 RA: -0.6000" Dec: 2.6661"
[TRACE] MJD UTC: 60612.765885 (M22)
[RESID] M22 RA: -0.2240" Dec: 2.9413"
[TRACE] MJD UTC: 60612.777702 (M22)
[RESID] M22 RA: -0.8368" Dec: 3.4333"
[TRACE] MJD UTC: 60614.227689 (T08)
[RESID] T08 RA: -0.6393" Dec: -0.8925"
[TRACE] MJD UTC: 60614.230922 (T08)
[RESID] T08 RA: -0.0901" Dec: -0.9712"
[TRACE] MJD UTC: 60614.236467 (T08)
[RESID] T08 RA: 0.0962" Dec: -0.9726"
[TRACE] MJD UTC: 60614.266327 (T08)
[RESID] T08 RA: -0.1488" Dec: -0.8236"
[TRACE] MJD UTC: 60616.105419 (G96)
[RESID] G96 RA: 0.1959" Dec: -1.9861"
[TRACE] MJD UTC: 60616.111077 (G96)
[RESID] G96 RA: 0.1386" Dec: -1.9331"
[TRACE] MJD UTC: 60616.116734 (G96)
[RESID] G96 RA: -0.0362" Dec: -1.9200"
[TRACE] MJD UTC: 60616.122385 (G96)
[RESID] G96 RA: -0.1909" Dec: -1.9357"
[TRACE] MJD UTC: 60616.231414 (T05)
[RESID] T05 RA: -0.0102" Dec: -1.7049"
[TRACE] MJD UTC: 60616.238673 (T05)
[RESID] T05 RA: 0.2123" Dec: -1.3295"
[TRACE] MJD UTC: 60616.241835 (T05)
[RESID] T05 RA: -0.0819" Dec: -1.3169"
[TRACE] MJD UTC: 60616.252361 (T05)
[RESID] T05 RA: -0.3762" Dec: -1.3855"
[TRACE] MJD UTC: 60618.232027 (T08)
[RESID] T08 RA: 0.6357" Dec: -1.3038"
[TRACE] MJD UTC: 60618.235263 (T08)
[RESID] T08 RA: 0.2750" Dec: -1.5956"
[TRACE] MJD UTC: 60618.242298 (T08)
[RESID] T08 RA: 0.0472" Dec: -1.2843"
[TRACE] MJD UTC: 60618.245072 (T08)
[RESID] T08 RA: 0.0346" Dec: -1.0576"
[TRACE] MJD UTC: 60618.245534 (T08)
[RESID] T08 RA: 0.1436" Dec: -0.9964"
[TRACE] MJD UTC: 60618.260780 (T08)
[RESID] T08 RA: -0.6618" Dec: -0.5273"
[TRACE] MJD UTC: 60619.008172 (W68)
[RESID] W68 RA: 0.0413" Dec: 1.9655"
[TRACE] MJD UTC: 60619.011910 (W68)
[RESID] W68 RA: 0.2234" Dec: 2.0682"
[TRACE] MJD UTC: 60619.012361 (W68)
[RESID] W68 RA: -0.0898" Dec: 2.3403"
[TRACE] MJD UTC: 60619.015556 (W68)
[RESID] W68 RA: 0.1154" Dec: 2.0450"
[TRACE] MJD UTC: 60619.019640 (W68)
[RESID] W68 RA: -0.2927" Dec: 2.1271"
[TRACE] MJD UTC: 60619.020996 (W68)
[RESID] W68 RA: 0.1967" Dec: 2.7825"
[TRACE] MJD UTC: 60619.034234 (W68)
[RESID] W68 RA: -0.4425" Dec: 2.3802"
[TRACE] MJD UTC: 60619.036040 (W68)
[RESID] W68 RA: -0.3689" Dec: 1.7278"
[TRACE] MJD UTC: 60619.453742 (D29)
[RESID] D29 RA: 0.5292" Dec: -1.9401"
[TRACE] MJD UTC: 60619.467883 (D29)
[RESID] D29 RA: 0.6059" Dec: -2.0731"
[TRACE] MJD UTC: 60619.482024 (D29)
[RESID] D29 RA: -0.0584" Dec: -2.0072"
[TRACE] MJD UTC: 60624.262954 (T05)
[RESID] T05 RA: 0.0014" Dec: -0.9911"
[TRACE] MJD UTC: 60624.266120 (T05)
[RESID] T05 RA: -0.4803" Dec: -1.1228"
[TRACE] MJD UTC: 60624.273359 (T05)
[RESID] T05 RA: -1.4620" Dec: -1.2804"
[TRACE] MJD UTC: 60624.286098 (T05)
[RESID] T05 RA: -0.5911" Dec: -0.9600"
[TRACE] MJD UTC: 60633.057693 (703)
[RESID] 703 RA: -0.4364" Dec: -1.9106"
[TRACE] MJD UTC: 60633.059976 (703)
[RESID] 703 RA: 1.1899" Dec: -1.7874"
[TRACE] MJD UTC: 60633.062257 (703)
[RESID] 703 RA: 1.7520" Dec: -1.3435"
[TRACE] MJD UTC: 60633.064538 (703)
[RESID] 703 RA: 1.5732" Dec: -1.7596"
[TRACE] MJD UTC: 60636.205823 (T05)
[RESID] T05 RA: 0.7211" Dec: -1.6282"
[TRACE] MJD UTC: 60636.209006 (T05)
[RESID] T05 RA: 0.6267" Dec: -1.0768"
[TRACE] MJD UTC: 60636.223152 (T05)
[RESID] T05 RA: 0.9614" Dec: -1.6380"
[TRACE] MJD UTC: 60636.228576 (T05)
[RESID] T05 RA: -1.6075" Dec: -1.9988"
[TRACE] MJD UTC: 60638.200066 (T08)
[RESID] T08 RA: -1.2161" Dec: 0.7096"
[TRACE] MJD UTC: 60638.217036 (T08)
[RESID] T08 RA: 0.9235" Dec: -1.0498"
[TRACE] MJD UTC: 60638.220701 (T08)
[RESID] T08 RA: 0.3369" Dec: -1.6118"
[TRACE] MJD UTC: 60638.226681 (T08)
[RESID] T08 RA: 0.5044" Dec: -1.6280"
[TRACE] MJD UTC: 60640.198643 (T05)
[RESID] T05 RA: 1.4071" Dec: -1.1000"
[TRACE] MJD UTC: 60640.202287 (T05)
[RESID] T05 RA: 0.8956" Dec: -1.8743"
[TRACE] MJD UTC: 60640.207749 (T05)
[RESID] T05 RA: 0.5859" Dec: -0.9595"
[TRACE] MJD UTC: 60640.220547 (T05)
[RESID] T05 RA: 0.3779" Dec: -1.0324"
[TRACE] MJD UTC: 60646.461628 (D29)
[RESID] D29 RA: 0.7957" Dec: -2.2902"
[TRACE] MJD UTC: 60646.475769 (D29)
[RESID] D29 RA: 1.2509" Dec: -2.6499"
[TRACE] MJD UTC: 60666.223608 (T08)
[RESID] T08 RA: 0.7417" Dec: -2.0059"
[TRACE] MJD UTC: 60666.227754 (T08)
[RESID] T08 RA: 0.3208" Dec: -2.0179"
[TRACE] MJD UTC: 60666.235564 (T08)
[RESID] T08 RA: 0.4118" Dec: -1.0241"
[TRACE] MJD UTC: 60666.254416 (T08)
[RESID] T08 RA: 0.1864" Dec: -2.1199"
[TRACE] MJD UTC: 60903.565113 (T08)
[RESID] T08 RA: 0.2131" Dec: -0.0704"
[TRACE] MJD UTC: 60903.572067 (T08)
[RESID] T08 RA: 0.6439" Dec: 0.6243"
[TRACE] MJD UTC: 60903.573460 (T08)
[RESID] T08 RA: 0.2106" Dec: 0.9750"
[TRACE] MJD UTC: 60903.581795 (T08)
[RESID] T08 RA: 0.2502" Dec: 0.5117"
[TRACE] MJD UTC: 60903.588734 (T08)
[RESID] T08 RA: 0.7934" Dec: 0.2781"
[TRACE] MJD UTC: 60903.590127 (T08)
[RESID] T08 RA: 0.8348" Dec: 0.1290"
[TRACE] MJD UTC: 60915.579726 (T05)
[RESID] T05 RA: 0.4811" Dec: 0.2134"
[TRACE] MJD UTC: 60915.588019 (T05)
[RESID] T05 RA: 0.4563" Dec: 0.9089"
[TRACE] MJD UTC: 60915.596304 (T05)
[RESID] T05 RA: -0.0060" Dec: 0.3749"
[TRACE] MJD UTC: 60915.604605 (T05)
[RESID] T05 RA: -0.1965" Dec: 0.3005"
[TRACE] MJD UTC: 60919.601811 (T05)
[RESID] T05 RA: 0.0341" Dec: 0.1783"
[TRACE] MJD UTC: 60919.604560 (T05)
[RESID] T05 RA: 0.1791" Dec: -0.1156"
[TRACE] MJD UTC: 60919.610543 (T05)
[RESID] T05 RA: 0.2860" Dec: -0.1181"
[TRACE] MJD UTC: 60919.620514 (T05)
[RESID] T05 RA: 0.3737" Dec: 0.9781"
[TRACE] MJD UTC: 60929.597705 (T05)
[RESID] T05 RA: 1.0078" Dec: -0.0659"
[TRACE] MJD UTC: 60929.600637 (T05)
[RESID] T05 RA: -0.7257" Dec: 0.2792"
[TRACE] MJD UTC: 60929.623854 (T05)
[RESID] T05 RA: -0.7466" Dec: 0.9821"
[TRACE] MJD UTC: 60929.629934 (T05)
[RESID] T05 RA: -0.1001" Dec: 0.8816"
[TRACE] MJD UTC: 60941.581306 (T05)
[RESID] T05 RA: 0.0164" Dec: 0.8273"
[TRACE] MJD UTC: 60941.584479 (T05)
[RESID] T05 RA: 0.2230" Dec: 0.4067"
[TRACE] MJD UTC: 60941.589997 (T05)
[RESID] T05 RA: -0.2773" Dec: 0.5627"
[TRACE] MJD UTC: 60941.600432 (T05)
[RESID] T05 RA: -0.9827" Dec: 0.4053"
[TRACE] MJD UTC: 60947.572902 (T05)
[RESID] T05 RA: 0.0546" Dec: 0.1886"
[TRACE] MJD UTC: 60947.575748 (T05)
[RESID] T05 RA: -0.2799" Dec: 0.3908"
[TRACE] MJD UTC: 60947.583013 (T05)
[RESID] T05 RA: 0.3156" Dec: -0.3502"
[TRACE] MJD UTC: 60947.588057 (T05)
[RESID] T05 RA: 0.2183" Dec: -0.2798"
[TRACE] MJD UTC: 60951.438910 (G96)
[RESID] G96 RA: -0.2738" Dec: -0.5229"
[TRACE] MJD UTC: 60951.444145 (G96)
[RESID] G96 RA: -0.3085" Dec: -0.5338"
[TRACE] MJD UTC: 60951.449380 (G96)
[RESID] G96 RA: -0.3953" Dec: -0.5847"
[TRACE] MJD UTC: 60951.454614 (G96)
[RESID] G96 RA: -0.5336" Dec: -0.4155"
Iter  4: RMS = 1.280 arcsec, ||Δx|| = 1.15e-06 AU, Outliers = 0
[TRACE] MJD UTC: 6.060876e+04 (M22)
[RESID] M22 RA: -0.4039" Dec: 2.8661"
[TRACE] MJD UTC: 60608.764518 (M22)
[RESID] M22 RA: -0.5129" Dec: 3.0950"
[TRACE] MJD UTC: 60608.766377 (M22)
[RESID] M22 RA: -0.2178" Dec: 2.7141"
[TRACE] MJD UTC: 60608.769584 (M22)
[RESID] M22 RA: -0.6343" Dec: 3.0972"
[TRACE] MJD UTC: 60608.775457 (M22)
[RESID] M22 RA: -0.5039" Dec: 3.1239"
[TRACE] MJD UTC: 60608.775912 (M22)
[RESID] M22 RA: -0.5986" Dec: 3.4207"
[TRACE] MJD UTC: 60608.785469 (M22)
[RESID] M22 RA: -0.8231" Dec: 3.1922"
[TRACE] MJD UTC: 60611.014536 (W68)
[RESID] W68 RA: -0.3666" Dec: 2.7064"
[TRACE] MJD UTC: 60611.017729 (W68)
[RESID] W68 RA: -0.2899" Dec: 2.5535"
[TRACE] MJD UTC: 60611.023620 (W68)
[RESID] W68 RA: -0.1070" Dec: 2.6449"
[TRACE] MJD UTC: 60611.035071 (W68)
[RESID] W68 RA: -1.2741" Dec: 2.7491"
[TRACE] MJD UTC: 60612.756788 (M22)
[RESID] M22 RA: 0.3946" Dec: 2.4828"
[TRACE] MJD UTC: 60612.760435 (M22)
[RESID] M22 RA: -0.6006" Dec: 2.6666"
[TRACE] MJD UTC: 60612.765885 (M22)
[RESID] M22 RA: -0.2245" Dec: 2.9418"
[TRACE] MJD UTC: 60612.777702 (M22)
[RESID] M22 RA: -0.8373" Dec: 3.4338"
[TRACE] MJD UTC: 60614.227689 (T08)
[RESID] T08 RA: -0.6397" Dec: -0.8921"
[TRACE] MJD UTC: 60614.230922 (T08)
[RESID] T08 RA: -0.0906" Dec: -0.9708"
[TRACE] MJD UTC: 60614.236467 (T08)
[RESID] T08 RA: 0.0958" Dec: -0.9722"
[TRACE] MJD UTC: 60614.266327 (T08)
[RESID] T08 RA: -0.1492" Dec: -0.8232"
[TRACE] MJD UTC: 60616.105419 (G96)
[RESID] G96 RA: 0.1956" Dec: -1.9858"
[TRACE] MJD UTC: 60616.111077 (G96)
[RESID] G96 RA: 0.1383" Dec: -1.9328"
[TRACE] MJD UTC: 60616.116734 (G96)
[RESID] G96 RA: -0.0365" Dec: -1.9197"
[TRACE] MJD UTC: 60616.122385 (G96)
[RESID] G96 RA: -0.1912" Dec: -1.9354"
[TRACE] MJD UTC: 60616.231414 (T05)
[RESID] T05 RA: -0.0105" Dec: -1.7046"
[TRACE] MJD UTC: 60616.238673 (T05)
[RESID] T05 RA: 0.2120" Dec: -1.3292"
[TRACE] MJD UTC: 60616.241835 (T05)
[RESID] T05 RA: -0.0822" Dec: -1.3166"
[TRACE] MJD UTC: 60616.252361 (T05)
[RESID] T05 RA: -0.3764" Dec: -1.3852"
[TRACE] MJD UTC: 60618.232027 (T08)
[RESID] T08 RA: 0.6355" Dec: -1.3036"
[TRACE] MJD UTC: 60618.235263 (T08)
[RESID] T08 RA: 0.2749" Dec: -1.5954"
[TRACE] MJD UTC: 60618.242298 (T08)
[RESID] T08 RA: 0.0471" Dec: -1.2841"
[TRACE] MJD UTC: 60618.245072 (T08)
[RESID] T08 RA: 0.0345" Dec: -1.0574"
[TRACE] MJD UTC: 60618.245534 (T08)
[RESID] T08 RA: 0.1435" Dec: -0.9961"
[TRACE] MJD UTC: 60618.260780 (T08)
[RESID] T08 RA: -0.6619" Dec: -0.5271"
[TRACE] MJD UTC: 60619.008172 (W68)
[RESID] W68 RA: 0.0412" Dec: 1.9657"
[TRACE] MJD UTC: 60619.011910 (W68)
[RESID] W68 RA: 0.2233" Dec: 2.0684"
[TRACE] MJD UTC: 60619.012361 (W68)
[RESID] W68 RA: -0.0898" Dec: 2.3405"
[TRACE] MJD UTC: 60619.015556 (W68)
[RESID] W68 RA: 0.1153" Dec: 2.0451"
[TRACE] MJD UTC: 60619.019640 (W68)
[RESID] W68 RA: -0.2928" Dec: 2.1272"
[TRACE] MJD UTC: 60619.020996 (W68)
[RESID] W68 RA: 0.1966" Dec: 2.7826"
[TRACE] MJD UTC: 60619.034234 (W68)
[RESID] W68 RA: -0.4425" Dec: 2.3804"
[TRACE] MJD UTC: 60619.036040 (W68)
[RESID] W68 RA: -0.3690" Dec: 1.7279"
[TRACE] MJD UTC: 60619.453742 (D29)
[RESID] D29 RA: 0.5292" Dec: -1.9399"
[TRACE] MJD UTC: 60619.467883 (D29)
[RESID] D29 RA: 0.6059" Dec: -2.0729"
[TRACE] MJD UTC: 60619.482024 (D29)
[RESID] D29 RA: -0.0585" Dec: -2.0070"
[TRACE] MJD UTC: 60624.262954 (T05)
[RESID] T05 RA: 0.0016" Dec: -0.9912"
[TRACE] MJD UTC: 60624.266120 (T05)
[RESID] T05 RA: -0.4801" Dec: -1.1229"
[TRACE] MJD UTC: 60624.273359 (T05)
[RESID] T05 RA: -1.4618" Dec: -1.2805"
[TRACE] MJD UTC: 60624.286098 (T05)
[RESID] T05 RA: -0.5909" Dec: -0.9601"
[TRACE] MJD UTC: 60633.057693 (703)
[RESID] 703 RA: -0.4359" Dec: -1.9111"
[TRACE] MJD UTC: 60633.059976 (703)
[RESID] 703 RA: 1.1904" Dec: -1.7878"
[TRACE] MJD UTC: 60633.062257 (703)
[RESID] 703 RA: 1.7525" Dec: -1.3439"
[TRACE] MJD UTC: 60633.064538 (703)
[RESID] 703 RA: 1.5737" Dec: -1.7601"
[TRACE] MJD UTC: 60636.205823 (T05)
[RESID] T05 RA: 0.7216" Dec: -1.6288"
[TRACE] MJD UTC: 60636.209006 (T05)
[RESID] T05 RA: 0.6273" Dec: -1.0774"
[TRACE] MJD UTC: 60636.223152 (T05)
[RESID] T05 RA: 0.9620" Dec: -1.6386"
[TRACE] MJD UTC: 60636.228576 (T05)
[RESID] T05 RA: -1.6070" Dec: -1.9995"
[TRACE] MJD UTC: 60638.200066 (T08)
[RESID] T08 RA: -1.2156" Dec: 0.7089"
[TRACE] MJD UTC: 60638.217036 (T08)
[RESID] T08 RA: 0.9240" Dec: -1.0505"
[TRACE] MJD UTC: 60638.220701 (T08)
[RESID] T08 RA: 0.3375" Dec: -1.6125"
[TRACE] MJD UTC: 60638.226681 (T08)
[RESID] T08 RA: 0.5049" Dec: -1.6287"
[TRACE] MJD UTC: 60640.198643 (T05)
[RESID] T05 RA: 1.4077" Dec: -1.1008"
[TRACE] MJD UTC: 60640.202287 (T05)
[RESID] T05 RA: 0.8962" Dec: -1.8752"
[TRACE] MJD UTC: 60640.207749 (T05)
[RESID] T05 RA: 0.5865" Dec: -0.9603"
[TRACE] MJD UTC: 60640.220547 (T05)
[RESID] T05 RA: 0.3785" Dec: -1.0332"
[TRACE] MJD UTC: 60646.461628 (D29)
[RESID] D29 RA: 0.7962" Dec: -2.2913"
[TRACE] MJD UTC: 60646.475769 (D29)
[RESID] D29 RA: 1.2514" Dec: -2.6510"
[TRACE] MJD UTC: 60666.223608 (T08)
[RESID] T08 RA: 0.7410" Dec: -2.0082"
[TRACE] MJD UTC: 60666.227754 (T08)
[RESID] T08 RA: 0.3201" Dec: -2.0202"
[TRACE] MJD UTC: 60666.235564 (T08)
[RESID] T08 RA: 0.4112" Dec: -1.0264"
[TRACE] MJD UTC: 60666.254416 (T08)
[RESID] T08 RA: 0.1857" Dec: -2.1222"
[TRACE] MJD UTC: 60903.565113 (T08)
[RESID] T08 RA: 0.1963" Dec: -0.0715"
[TRACE] MJD UTC: 60903.572067 (T08)
[RESID] T08 RA: 0.6272" Dec: 0.6232"
[TRACE] MJD UTC: 60903.573460 (T08)
[RESID] T08 RA: 0.1938" Dec: 0.9739"
[TRACE] MJD UTC: 60903.581795 (T08)
[RESID] T08 RA: 0.2335" Dec: 0.5106"
[TRACE] MJD UTC: 60903.588734 (T08)
[RESID] T08 RA: 0.7766" Dec: 0.2770"
[TRACE] MJD UTC: 60903.590127 (T08)
[RESID] T08 RA: 0.8181" Dec: 0.1279"
[TRACE] MJD UTC: 60915.579726 (T05)
[RESID] T05 RA: 0.4677" Dec: 0.2131"
[TRACE] MJD UTC: 60915.588019 (T05)
[RESID] T05 RA: 0.4428" Dec: 0.9086"
[TRACE] MJD UTC: 60915.596304 (T05)
[RESID] T05 RA: -0.0194" Dec: 0.3747"
[TRACE] MJD UTC: 60915.604605 (T05)
[RESID] T05 RA: -0.2099" Dec: 0.3003"
[TRACE] MJD UTC: 60919.601811 (T05)
[RESID] T05 RA: 0.0219" Dec: 0.1783"
[TRACE] MJD UTC: 60919.604560 (T05)
[RESID] T05 RA: 0.1668" Dec: -0.1156"
[TRACE] MJD UTC: 60919.610543 (T05)
[RESID] T05 RA: 0.2737" Dec: -0.1181"
[TRACE] MJD UTC: 60919.620514 (T05)
[RESID] T05 RA: 0.3615" Dec: 0.9780"
[TRACE] MJD UTC: 60929.597705 (T05)
[RESID] T05 RA: 0.9989" Dec: -0.0655"
[TRACE] MJD UTC: 60929.600637 (T05)
[RESID] T05 RA: -0.7346" Dec: 0.2796"
[TRACE] MJD UTC: 60929.623854 (T05)
[RESID] T05 RA: -0.7555" Dec: 0.9825"
[TRACE] MJD UTC: 60929.629934 (T05)
[RESID] T05 RA: -0.1091" Dec: 0.8820"
[TRACE] MJD UTC: 60941.581306 (T05)
[RESID] T05 RA: 0.0118" Dec: 0.8280"
[TRACE] MJD UTC: 60941.584479 (T05)
[RESID] T05 RA: 0.2185" Dec: 0.4074"
[TRACE] MJD UTC: 60941.589997 (T05)
[RESID] T05 RA: -0.2819" Dec: 0.5634"
[TRACE] MJD UTC: 60941.600432 (T05)
[RESID] T05 RA: -0.9873" Dec: 0.4060"
[TRACE] MJD UTC: 60947.572902 (T05)
[RESID] T05 RA: 0.0524" Dec: 0.1893"
[TRACE] MJD UTC: 60947.575748 (T05)
[RESID] T05 RA: -0.2821" Dec: 0.3915"
[TRACE] MJD UTC: 60947.583013 (T05)
[RESID] T05 RA: 0.3134" Dec: -0.3495"
[TRACE] MJD UTC: 60947.588057 (T05)
[RESID] T05 RA: 0.2161" Dec: -0.2791"
[TRACE] MJD UTC: 60951.438910 (G96)
[RESID] G96 RA: -0.2746" Dec: -0.5222"
[TRACE] MJD UTC: 60951.444145 (G96)
[RESID] G96 RA: -0.3093" Dec: -0.5331"
[TRACE] MJD UTC: 60951.449380 (G96)
[RESID] G96 RA: -0.3961" Dec: -0.5839"
[TRACE] MJD UTC: 60951.454614 (G96)
[RESID] G96 RA: -0.5344" Dec: -0.4148"
Iter  5: RMS = 1.280 arcsec, ||Δx|| = 1.36e-07 AU, Outliers = 0
[TRACE] MJD UTC: 6.060876e+04 (M22)
[RESID] M22 RA: -0.4041" Dec: 2.8661"
[TRACE] MJD UTC: 60608.764518 (M22)
[RESID] M22 RA: -0.5130" Dec: 3.0950"
[TRACE] MJD UTC: 60608.766377 (M22)
[RESID] M22 RA: -0.2179" Dec: 2.7142"
[TRACE] MJD UTC: 60608.769584 (M22)
[RESID] M22 RA: -0.6344" Dec: 3.0972"
[TRACE] MJD UTC: 60608.775457 (M22)
[RESID] M22 RA: -0.5040" Dec: 3.1240"
[TRACE] MJD UTC: 60608.775912 (M22)
[RESID] M22 RA: -0.5988" Dec: 3.4207"
[TRACE] MJD UTC: 60608.785469 (M22)
[RESID] M22 RA: -0.8232" Dec: 3.1922"
[TRACE] MJD UTC: 60611.014536 (W68)
[RESID] W68 RA: -0.3667" Dec: 2.7064"
[TRACE] MJD UTC: 60611.017729 (W68)
[RESID] W68 RA: -0.2901" Dec: 2.5535"
[TRACE] MJD UTC: 60611.023620 (W68)
[RESID] W68 RA: -0.1071" Dec: 2.6450"
[TRACE] MJD UTC: 60611.035071 (W68)
[RESID] W68 RA: -1.2743" Dec: 2.7492"
[TRACE] MJD UTC: 60612.756788 (M22)
[RESID] M22 RA: 0.3945" Dec: 2.4828"
[TRACE] MJD UTC: 60612.760435 (M22)
[RESID] M22 RA: -0.6006" Dec: 2.6666"
[TRACE] MJD UTC: 60612.765885 (M22)
[RESID] M22 RA: -0.2246" Dec: 2.9418"
[TRACE] MJD UTC: 60612.777702 (M22)
[RESID] M22 RA: -0.8374" Dec: 3.4338"
[TRACE] MJD UTC: 60614.227689 (T08)
[RESID] T08 RA: -0.6398" Dec: -0.8920"
[TRACE] MJD UTC: 60614.230922 (T08)
[RESID] T08 RA: -0.0906" Dec: -0.9708"
[TRACE] MJD UTC: 60614.236467 (T08)
[RESID] T08 RA: 0.0957" Dec: -0.9722"
[TRACE] MJD UTC: 60614.266327 (T08)
[RESID] T08 RA: -0.1493" Dec: -0.8232"
[TRACE] MJD UTC: 60616.105419 (G96)
[RESID] G96 RA: 0.1956" Dec: -1.9858"
[TRACE] MJD UTC: 60616.111077 (G96)
[RESID] G96 RA: 0.1383" Dec: -1.9328"
[TRACE] MJD UTC: 60616.116734 (G96)
[RESID] G96 RA: -0.0366" Dec: -1.9197"
[TRACE] MJD UTC: 60616.122385 (G96)
[RESID] G96 RA: -0.1913" Dec: -1.9353"
[TRACE] MJD UTC: 60616.231414 (T05)
[RESID] T05 RA: -0.0105" Dec: -1.7045"
[TRACE] MJD UTC: 60616.238673 (T05)
[RESID] T05 RA: 0.2120" Dec: -1.3292"
[TRACE] MJD UTC: 60616.241835 (T05)
[RESID] T05 RA: -0.0822" Dec: -1.3166"
[TRACE] MJD UTC: 60616.252361 (T05)
[RESID] T05 RA: -0.3765" Dec: -1.3851"
[TRACE] MJD UTC: 60618.232027 (T08)
[RESID] T08 RA: 0.6355" Dec: -1.3035"
[TRACE] MJD UTC: 60618.235263 (T08)
[RESID] T08 RA: 0.2748" Dec: -1.5954"
[TRACE] MJD UTC: 60618.242298 (T08)
[RESID] T08 RA: 0.0470" Dec: -1.2841"
[TRACE] MJD UTC: 60618.245072 (T08)
[RESID] T08 RA: 0.0345" Dec: -1.0573"
[TRACE] MJD UTC: 60618.245534 (T08)
[RESID] T08 RA: 0.1434" Dec: -0.9961"
[TRACE] MJD UTC: 60618.260780 (T08)
[RESID] T08 RA: -0.6620" Dec: -0.5271"
[TRACE] MJD UTC: 60619.008172 (W68)
[RESID] W68 RA: 0.0412" Dec: 1.9657"
[TRACE] MJD UTC: 60619.011910 (W68)
[RESID] W68 RA: 0.2232" Dec: 2.0684"
[TRACE] MJD UTC: 60619.012361 (W68)
[RESID] W68 RA: -0.0899" Dec: 2.3405"
[TRACE] MJD UTC: 60619.015556 (W68)
[RESID] W68 RA: 0.1152" Dec: 2.0451"
[TRACE] MJD UTC: 60619.019640 (W68)
[RESID] W68 RA: -0.2928" Dec: 2.1272"
[TRACE] MJD UTC: 60619.020996 (W68)
[RESID] W68 RA: 0.1966" Dec: 2.7826"
[TRACE] MJD UTC: 60619.034234 (W68)
[RESID] W68 RA: -0.4426" Dec: 2.3804"
[TRACE] MJD UTC: 60619.036040 (W68)
[RESID] W68 RA: -0.3690" Dec: 1.7279"
[TRACE] MJD UTC: 60619.453742 (D29)
[RESID] D29 RA: 0.5291" Dec: -1.9399"
[TRACE] MJD UTC: 60619.467883 (D29)
[RESID] D29 RA: 0.6059" Dec: -2.0729"
[TRACE] MJD UTC: 60619.482024 (D29)
[RESID] D29 RA: -0.0585" Dec: -2.0070"
[TRACE] MJD UTC: 60624.262954 (T05)
[RESID] T05 RA: 0.0016" Dec: -0.9912"
[TRACE] MJD UTC: 60624.266120 (T05)
[RESID] T05 RA: -0.4801" Dec: -1.1229"
[TRACE] MJD UTC: 60624.273359 (T05)
[RESID] T05 RA: -1.4618" Dec: -1.2805"
[TRACE] MJD UTC: 60624.286098 (T05)
[RESID] T05 RA: -0.5909" Dec: -0.9601"
[TRACE] MJD UTC: 60633.057693 (703)
[RESID] 703 RA: -0.4358" Dec: -1.9112"
[TRACE] MJD UTC: 60633.059976 (703)
[RESID] 703 RA: 1.1905" Dec: -1.7879"
[TRACE] MJD UTC: 60633.062257 (703)
[RESID] 703 RA: 1.7525" Dec: -1.3440"
[TRACE] MJD UTC: 60633.064538 (703)
[RESID] 703 RA: 1.5737" Dec: -1.7601"
[TRACE] MJD UTC: 60636.205823 (T05)
[RESID] T05 RA: 0.7217" Dec: -1.6289"
[TRACE] MJD UTC: 60636.209006 (T05)
[RESID] T05 RA: 0.6273" Dec: -1.0775"
[TRACE] MJD UTC: 60636.223152 (T05)
[RESID] T05 RA: 0.9620" Dec: -1.6387"
[TRACE] MJD UTC: 60636.228576 (T05)
[RESID] T05 RA: -1.6070" Dec: -1.9995"
[TRACE] MJD UTC: 60638.200066 (T08)
[RESID] T08 RA: -1.2155" Dec: 0.7088"
[TRACE] MJD UTC: 60638.217036 (T08)
[RESID] T08 RA: 0.9241" Dec: -1.0506"
[TRACE] MJD UTC: 60638.220701 (T08)
[RESID] T08 RA: 0.3375" Dec: -1.6126"
[TRACE] MJD UTC: 60638.226681 (T08)
[RESID] T08 RA: 0.5050" Dec: -1.6288"
[TRACE] MJD UTC: 60640.198643 (T05)
[RESID] T05 RA: 1.4077" Dec: -1.1009"
[TRACE] MJD UTC: 60640.202287 (T05)
[RESID] T05 RA: 0.8962" Dec: -1.8753"
[TRACE] MJD UTC: 60640.207749 (T05)
[RESID] T05 RA: 0.5865" Dec: -0.9604"
[TRACE] MJD UTC: 60640.220547 (T05)
[RESID] T05 RA: 0.3785" Dec: -1.0333"
[TRACE] MJD UTC: 60646.461628 (D29)
[RESID] D29 RA: 0.7962" Dec: -2.2915"
[TRACE] MJD UTC: 60646.475769 (D29)
[RESID] D29 RA: 1.2514" Dec: -2.6512"
[TRACE] MJD UTC: 60666.223608 (T08)
[RESID] T08 RA: 0.7409" Dec: -2.0085"
[TRACE] MJD UTC: 60666.227754 (T08)
[RESID] T08 RA: 0.3200" Dec: -2.0205"
[TRACE] MJD UTC: 60666.235564 (T08)
[RESID] T08 RA: 0.4111" Dec: -1.0267"
[TRACE] MJD UTC: 60666.254416 (T08)
[RESID] T08 RA: 0.1856" Dec: -2.1224"
[TRACE] MJD UTC: 60903.565113 (T08)
[RESID] T08 RA: 0.1943" Dec: -0.0716"
[TRACE] MJD UTC: 60903.572067 (T08)
[RESID] T08 RA: 0.6252" Dec: 0.6230"
[TRACE] MJD UTC: 60903.573460 (T08)
[RESID] T08 RA: 0.1918" Dec: 0.9738"
[TRACE] MJD UTC: 60903.581795 (T08)
[RESID] T08 RA: 0.2315" Dec: 0.5105"
[TRACE] MJD UTC: 60903.588734 (T08)
[RESID] T08 RA: 0.7746" Dec: 0.2769"
[TRACE] MJD UTC: 60903.590127 (T08)
[RESID] T08 RA: 0.8161" Dec: 0.1277"
[TRACE] MJD UTC: 60915.579726 (T05)
[RESID] T05 RA: 0.4660" Dec: 0.2131"
[TRACE] MJD UTC: 60915.588019 (T05)
[RESID] T05 RA: 0.4412" Dec: 0.9086"
[TRACE] MJD UTC: 60915.596304 (T05)
[RESID] T05 RA: -0.0210" Dec: 0.3747"
[TRACE] MJD UTC: 60915.604605 (T05)
[RESID] T05 RA: -0.2115" Dec: 0.3003"
[TRACE] MJD UTC: 60919.601811 (T05)
[RESID] T05 RA: 0.0204" Dec: 0.1783"
[TRACE] MJD UTC: 60919.604560 (T05)
[RESID] T05 RA: 0.1653" Dec: -0.1156"
[TRACE] MJD UTC: 60919.610543 (T05)
[RESID] T05 RA: 0.2723" Dec: -0.1181"
[TRACE] MJD UTC: 60919.620514 (T05)
[RESID] T05 RA: 0.3600" Dec: 0.9780"
[TRACE] MJD UTC: 60929.597705 (T05)
[RESID] T05 RA: 0.9978" Dec: -0.0655"
[TRACE] MJD UTC: 60929.600637 (T05)
[RESID] T05 RA: -0.7357" Dec: 0.2796"
[TRACE] MJD UTC: 60929.623854 (T05)
[RESID] T05 RA: -0.7566" Dec: 0.9825"
[TRACE] MJD UTC: 60929.629934 (T05)
[RESID] T05 RA: -0.1101" Dec: 0.8821"
[TRACE] MJD UTC: 60941.581306 (T05)
[RESID] T05 RA: 0.0113" Dec: 0.8281"
[TRACE] MJD UTC: 60941.584479 (T05)
[RESID] T05 RA: 0.2179" Dec: 0.4075"
[TRACE] MJD UTC: 60941.589997 (T05)
[RESID] T05 RA: -0.2825" Dec: 0.5634"
[TRACE] MJD UTC: 60941.600432 (T05)
[RESID] T05 RA: -0.9878" Dec: 0.4061"
[TRACE] MJD UTC: 60947.572902 (T05)
[RESID] T05 RA: 0.0521" Dec: 0.1894"
[TRACE] MJD UTC: 60947.575748 (T05)
[RESID] T05 RA: -0.2824" Dec: 0.3916"
[TRACE] MJD UTC: 60947.583013 (T05)
[RESID] T05 RA: 0.3131" Dec: -0.3494"
[TRACE] MJD UTC: 60947.588057 (T05)
[RESID] T05 RA: 0.2158" Dec: -0.2790"
[TRACE] MJD UTC: 60951.438910 (G96)
[RESID] G96 RA: -0.2747" Dec: -0.5221"
[TRACE] MJD UTC: 60951.444145 (G96)
[RESID] G96 RA: -0.3094" Dec: -0.5330"
[TRACE] MJD UTC: 60951.449380 (G96)
[RESID] G96 RA: -0.3962" Dec: -0.5838"
[TRACE] MJD UTC: 60951.454614 (G96)
[RESID] G96 RA: -0.5345" Dec: -0.4147"
Iter  6: RMS = 1.280 arcsec, ||Δx|| = 1.60e-08 AU, Outliers = 0
[TRACE] MJD UTC: 6.060876e+04 (M22)
[RESID] M22 RA: -0.4041" Dec: 2.8661"
[TRACE] MJD UTC: 60608.764518 (M22)
[RESID] M22 RA: -0.5130" Dec: 3.0950"
[TRACE] MJD UTC: 60608.766377 (M22)
[RESID] M22 RA: -0.2179" Dec: 2.7142"
[TRACE] MJD UTC: 60608.769584 (M22)
[RESID] M22 RA: -0.6344" Dec: 3.0972"
[TRACE] MJD UTC: 60608.775457 (M22)
[RESID] M22 RA: -0.5040" Dec: 3.1240"
[TRACE] MJD UTC: 60608.775912 (M22)
[RESID] M22 RA: -0.5988" Dec: 3.4207"
[TRACE] MJD UTC: 60608.785469 (M22)
[RESID] M22 RA: -0.8232" Dec: 3.1922"
[TRACE] MJD UTC: 60611.014536 (W68)
[RESID] W68 RA: -0.3667" Dec: 2.7064"
[TRACE] MJD UTC: 60611.017729 (W68)
[RESID] W68 RA: -0.2901" Dec: 2.5535"
[TRACE] MJD UTC: 60611.023620 (W68)
[RESID] W68 RA: -0.1071" Dec: 2.6450"
[TRACE] MJD UTC: 60611.035071 (W68)
[RESID] W68 RA: -1.2743" Dec: 2.7492"
[TRACE] MJD UTC: 60612.756788 (M22)
[RESID] M22 RA: 0.3945" Dec: 2.4829"
[TRACE] MJD UTC: 60612.760435 (M22)
[RESID] M22 RA: -0.6007" Dec: 2.6666"
[TRACE] MJD UTC: 60612.765885 (M22)
[RESID] M22 RA: -0.2246" Dec: 2.9418"
[TRACE] MJD UTC: 60612.777702 (M22)
[RESID] M22 RA: -0.8374" Dec: 3.4338"
[TRACE] MJD UTC: 60614.227689 (T08)
[RESID] T08 RA: -0.6398" Dec: -0.8920"
[TRACE] MJD UTC: 60614.230922 (T08)
[RESID] T08 RA: -0.0906" Dec: -0.9707"
[TRACE] MJD UTC: 60614.236467 (T08)
[RESID] T08 RA: 0.0957" Dec: -0.9721"
[TRACE] MJD UTC: 60614.266327 (T08)
[RESID] T08 RA: -0.1493" Dec: -0.8232"
[TRACE] MJD UTC: 60616.105419 (G96)
[RESID] G96 RA: 0.1956" Dec: -1.9858"
[TRACE] MJD UTC: 60616.111077 (G96)
[RESID] G96 RA: 0.1383" Dec: -1.9328"
[TRACE] MJD UTC: 60616.116734 (G96)
[RESID] G96 RA: -0.0366" Dec: -1.9197"
[TRACE] MJD UTC: 60616.122385 (G96)
[RESID] G96 RA: -0.1913" Dec: -1.9353"
[TRACE] MJD UTC: 60616.231414 (T05)
[RESID] T05 RA: -0.0106" Dec: -1.7045"
[TRACE] MJD UTC: 60616.238673 (T05)
[RESID] T05 RA: 0.2119" Dec: -1.3292"
[TRACE] MJD UTC: 60616.241835 (T05)
[RESID] T05 RA: -0.0822" Dec: -1.3166"
[TRACE] MJD UTC: 60616.252361 (T05)
[RESID] T05 RA: -0.3765" Dec: -1.3851"
[TRACE] MJD UTC: 60618.232027 (T08)
[RESID] T08 RA: 0.6355" Dec: -1.3035"
[TRACE] MJD UTC: 60618.235263 (T08)
[RESID] T08 RA: 0.2748" Dec: -1.5954"
[TRACE] MJD UTC: 60618.242298 (T08)
[RESID] T08 RA: 0.0470" Dec: -1.2841"
[TRACE] MJD UTC: 60618.245072 (T08)
[RESID] T08 RA: 0.0345" Dec: -1.0573"
[TRACE] MJD UTC: 60618.245534 (T08)
[RESID] T08 RA: 0.1434" Dec: -0.9961"
[TRACE] MJD UTC: 60618.260780 (T08)
[RESID] T08 RA: -0.6620" Dec: -0.5271"
[TRACE] MJD UTC: 60619.008172 (W68)
[RESID] W68 RA: 0.0412" Dec: 1.9657"
[TRACE] MJD UTC: 60619.011910 (W68)
[RESID] W68 RA: 0.2232" Dec: 2.0684"
[TRACE] MJD UTC: 60619.012361 (W68)
[RESID] W68 RA: -0.0899" Dec: 2.3405"
[TRACE] MJD UTC: 60619.015556 (W68)
[RESID] W68 RA: 0.1152" Dec: 2.0451"
[TRACE] MJD UTC: 60619.019640 (W68)
[RESID] W68 RA: -0.2928" Dec: 2.1272"
[TRACE] MJD UTC: 60619.020996 (W68)
[RESID] W68 RA: 0.1966" Dec: 2.7826"
[TRACE] MJD UTC: 60619.034234 (W68)
[RESID] W68 RA: -0.4426" Dec: 2.3804"
[TRACE] MJD UTC: 60619.036040 (W68)
[RESID] W68 RA: -0.3690" Dec: 1.7279"
[TRACE] MJD UTC: 60619.453742 (D29)
[RESID] D29 RA: 0.5291" Dec: -1.9399"
[TRACE] MJD UTC: 60619.467883 (D29)
[RESID] D29 RA: 0.6059" Dec: -2.0729"
[TRACE] MJD UTC: 60619.482024 (D29)
[RESID] D29 RA: -0.0585" Dec: -2.0070"
[TRACE] MJD UTC: 60624.262954 (T05)
[RESID] T05 RA: 0.0016" Dec: -0.9912"
[TRACE] MJD UTC: 60624.266120 (T05)
[RESID] T05 RA: -0.4801" Dec: -1.1229"
[TRACE] MJD UTC: 60624.273359 (T05)
[RESID] T05 RA: -1.4618" Dec: -1.2805"
[TRACE] MJD UTC: 60624.286098 (T05)
[RESID] T05 RA: -0.5909" Dec: -0.9601"
[TRACE] MJD UTC: 60633.057693 (703)
[RESID] 703 RA: -0.4358" Dec: -1.9112"
[TRACE] MJD UTC: 60633.059976 (703)
[RESID] 703 RA: 1.1905" Dec: -1.7879"
[TRACE] MJD UTC: 60633.062257 (703)
[RESID] 703 RA: 1.7525" Dec: -1.3440"
[TRACE] MJD UTC: 60633.064538 (703)
[RESID] 703 RA: 1.5737" Dec: -1.7602"
[TRACE] MJD UTC: 60636.205823 (T05)
[RESID] T05 RA: 0.7217" Dec: -1.6289"
[TRACE] MJD UTC: 60636.209006 (T05)
[RESID] T05 RA: 0.6273" Dec: -1.0775"
[TRACE] MJD UTC: 60636.223152 (T05)
[RESID] T05 RA: 0.9620" Dec: -1.6387"
[TRACE] MJD UTC: 60636.228576 (T05)
[RESID] T05 RA: -1.6069" Dec: -1.9996"
[TRACE] MJD UTC: 60638.200066 (T08)
[RESID] T08 RA: -1.2155" Dec: 0.7088"
[TRACE] MJD UTC: 60638.217036 (T08)
[RESID] T08 RA: 0.9241" Dec: -1.0506"
[TRACE] MJD UTC: 60638.220701 (T08)
[RESID] T08 RA: 0.3375" Dec: -1.6126"
[TRACE] MJD UTC: 60638.226681 (T08)
[RESID] T08 RA: 0.5050" Dec: -1.6288"
[TRACE] MJD UTC: 60640.198643 (T05)
[RESID] T05 RA: 1.4077" Dec: -1.1009"
[TRACE] MJD UTC: 60640.202287 (T05)
[RESID] T05 RA: 0.8962" Dec: -1.8753"
[TRACE] MJD UTC: 60640.207749 (T05)
[RESID] T05 RA: 0.5865" Dec: -0.9604"
[TRACE] MJD UTC: 60640.220547 (T05)
[RESID] T05 RA: 0.3785" Dec: -1.0333"
[TRACE] MJD UTC: 60646.461628 (D29)
[RESID] D29 RA: 0.7962" Dec: -2.2915"
[TRACE] MJD UTC: 60646.475769 (D29)
[RESID] D29 RA: 1.2514" Dec: -2.6512"
[TRACE] MJD UTC: 60666.223608 (T08)
[RESID] T08 RA: 0.7409" Dec: -2.0085"
[TRACE] MJD UTC: 60666.227754 (T08)
[RESID] T08 RA: 0.3200" Dec: -2.0205"
[TRACE] MJD UTC: 60666.235564 (T08)
[RESID] T08 RA: 0.4111" Dec: -1.0267"
[TRACE] MJD UTC: 60666.254416 (T08)
[RESID] T08 RA: 0.1856" Dec: -2.1225"
[TRACE] MJD UTC: 60903.565113 (T08)
[RESID] T08 RA: 0.1941" Dec: -0.0716"
[TRACE] MJD UTC: 60903.572067 (T08)
[RESID] T08 RA: 0.6250" Dec: 0.6230"
[TRACE] MJD UTC: 60903.573460 (T08)
[RESID] T08 RA: 0.1916" Dec: 0.9738"
[TRACE] MJD UTC: 60903.581795 (T08)
[RESID] T08 RA: 0.2313" Dec: 0.5105"
[TRACE] MJD UTC: 60903.588734 (T08)
[RESID] T08 RA: 0.7744" Dec: 0.2769"
[TRACE] MJD UTC: 60903.590127 (T08)
[RESID] T08 RA: 0.8158" Dec: 0.1277"
[TRACE] MJD UTC: 60915.579726 (T05)
[RESID] T05 RA: 0.4659" Dec: 0.2131"
[TRACE] MJD UTC: 60915.588019 (T05)
[RESID] T05 RA: 0.4410" Dec: 0.9086"
[TRACE] MJD UTC: 60915.596304 (T05)
[RESID] T05 RA: -0.0212" Dec: 0.3747"
[TRACE] MJD UTC: 60915.604605 (T05)
[RESID] T05 RA: -0.2117" Dec: 0.3003"
[TRACE] MJD UTC: 60919.601811 (T05)
[RESID] T05 RA: 0.0203" Dec: 0.1783"
[TRACE] MJD UTC: 60919.604560 (T05)
[RESID] T05 RA: 0.1652" Dec: -0.1156"
[TRACE] MJD UTC: 60919.610543 (T05)
[RESID] T05 RA: 0.2721" Dec: -0.1181"
[TRACE] MJD UTC: 60919.620514 (T05)
[RESID] T05 RA: 0.3598" Dec: 0.9780"
[TRACE] MJD UTC: 60929.597705 (T05)
[RESID] T05 RA: 0.9977" Dec: -0.0655"
[TRACE] MJD UTC: 60929.600637 (T05)
[RESID] T05 RA: -0.7358" Dec: 0.2796"
[TRACE] MJD UTC: 60929.623854 (T05)
[RESID] T05 RA: -0.7567" Dec: 0.9825"
[TRACE] MJD UTC: 60929.629934 (T05)
[RESID] T05 RA: -0.1103" Dec: 0.8821"
[TRACE] MJD UTC: 60941.581306 (T05)
[RESID] T05 RA: 0.0112" Dec: 0.8281"
[TRACE] MJD UTC: 60941.584479 (T05)
[RESID] T05 RA: 0.2179" Dec: 0.4075"
[TRACE] MJD UTC: 60941.589997 (T05)
[RESID] T05 RA: -0.2825" Dec: 0.5634"
[TRACE] MJD UTC: 60941.600432 (T05)
[RESID] T05 RA: -0.9879" Dec: 0.4061"
[TRACE] MJD UTC: 60947.572902 (T05)
[RESID] T05 RA: 0.0521" Dec: 0.1894"
[TRACE] MJD UTC: 60947.575748 (T05)
[RESID] T05 RA: -0.2825" Dec: 0.3916"
[TRACE] MJD UTC: 60947.583013 (T05)
[RESID] T05 RA: 0.3131" Dec: -0.3494"
[TRACE] MJD UTC: 60947.588057 (T05)
[RESID] T05 RA: 0.2157" Dec: -0.2790"
[TRACE] MJD UTC: 60951.438910 (G96)
[RESID] G96 RA: -0.2747" Dec: -0.5221"
[TRACE] MJD UTC: 60951.444145 (G96)
[RESID] G96 RA: -0.3094" Dec: -0.5330"
[TRACE] MJD UTC: 60951.449380 (G96)
[RESID] G96 RA: -0.3962" Dec: -0.5838"
[TRACE] MJD UTC: 60951.454614 (G96)
[RESID] G96 RA: -0.5345" Dec: -0.4147"
Iter  7: RMS = 1.280 arcsec, ||Δx|| = 1.89e-09 AU, Outliers = 0
[TRACE] MJD UTC: 6.060876e+04 (M22)
[RESID] M22 RA: -0.4041" Dec: 2.8661"
[TRACE] MJD UTC: 60608.764518 (M22)
[RESID] M22 RA: -0.5130" Dec: 3.0950"
[TRACE] MJD UTC: 60608.766377 (M22)
[RESID] M22 RA: -0.2179" Dec: 2.7142"
[TRACE] MJD UTC: 60608.769584 (M22)
[RESID] M22 RA: -0.6344" Dec: 3.0972"
[TRACE] MJD UTC: 60608.775457 (M22)
[RESID] M22 RA: -0.5040" Dec: 3.1240"
[TRACE] MJD UTC: 60608.775912 (M22)
[RESID] M22 RA: -0.5988" Dec: 3.4207"
[TRACE] MJD UTC: 60608.785469 (M22)
[RESID] M22 RA: -0.8232" Dec: 3.1922"
[TRACE] MJD UTC: 60611.014536 (W68)
[RESID] W68 RA: -0.3667" Dec: 2.7064"
[TRACE] MJD UTC: 60611.017729 (W68)
[RESID] W68 RA: -0.2901" Dec: 2.5535"
[TRACE] MJD UTC: 60611.023620 (W68)
[RESID] W68 RA: -0.1071" Dec: 2.6450"
[TRACE] MJD UTC: 60611.035071 (W68)
[RESID] W68 RA: -1.2743" Dec: 2.7492"
[TRACE] MJD UTC: 60612.756788 (M22)
[RESID] M22 RA: 0.3945" Dec: 2.4829"
[TRACE] MJD UTC: 60612.760435 (M22)
[RESID] M22 RA: -0.6007" Dec: 2.6666"
[TRACE] MJD UTC: 60612.765885 (M22)
[RESID] M22 RA: -0.2246" Dec: 2.9418"
[TRACE] MJD UTC: 60612.777702 (M22)
[RESID] M22 RA: -0.8374" Dec: 3.4338"
[TRACE] MJD UTC: 60614.227689 (T08)
[RESID] T08 RA: -0.6398" Dec: -0.8920"
[TRACE] MJD UTC: 60614.230922 (T08)
[RESID] T08 RA: -0.0906" Dec: -0.9707"
[TRACE] MJD UTC: 60614.236467 (T08)
[RESID] T08 RA: 0.0957" Dec: -0.9721"
[TRACE] MJD UTC: 60614.266327 (T08)
[RESID] T08 RA: -0.1493" Dec: -0.8232"
[TRACE] MJD UTC: 60616.105419 (G96)
[RESID] G96 RA: 0.1956" Dec: -1.9858"
[TRACE] MJD UTC: 60616.111077 (G96)
[RESID] G96 RA: 0.1383" Dec: -1.9328"
[TRACE] MJD UTC: 60616.116734 (G96)
[RESID] G96 RA: -0.0366" Dec: -1.9197"
[TRACE] MJD UTC: 60616.122385 (G96)
[RESID] G96 RA: -0.1913" Dec: -1.9353"
[TRACE] MJD UTC: 60616.231414 (T05)
[RESID] T05 RA: -0.0106" Dec: -1.7045"
[TRACE] MJD UTC: 60616.238673 (T05)
[RESID] T05 RA: 0.2119" Dec: -1.3292"
[TRACE] MJD UTC: 60616.241835 (T05)
[RESID] T05 RA: -0.0822" Dec: -1.3166"
[TRACE] MJD UTC: 60616.252361 (T05)
[RESID] T05 RA: -0.3765" Dec: -1.3851"
[TRACE] MJD UTC: 60618.232027 (T08)
[RESID] T08 RA: 0.6355" Dec: -1.3035"
[TRACE] MJD UTC: 60618.235263 (T08)
[RESID] T08 RA: 0.2748" Dec: -1.5954"
[TRACE] MJD UTC: 60618.242298 (T08)
[RESID] T08 RA: 0.0470" Dec: -1.2841"
[TRACE] MJD UTC: 60618.245072 (T08)
[RESID] T08 RA: 0.0345" Dec: -1.0573"
[TRACE] MJD UTC: 60618.245534 (T08)
[RESID] T08 RA: 0.1434" Dec: -0.9961"
[TRACE] MJD UTC: 60618.260780 (T08)
[RESID] T08 RA: -0.6620" Dec: -0.5271"
[TRACE] MJD UTC: 60619.008172 (W68)
[RESID] W68 RA: 0.0412" Dec: 1.9657"
[TRACE] MJD UTC: 60619.011910 (W68)
[RESID] W68 RA: 0.2232" Dec: 2.0684"
[TRACE] MJD UTC: 60619.012361 (W68)
[RESID] W68 RA: -0.0899" Dec: 2.3405"
[TRACE] MJD UTC: 60619.015556 (W68)
[RESID] W68 RA: 0.1152" Dec: 2.0451"
[TRACE] MJD UTC: 60619.019640 (W68)
[RESID] W68 RA: -0.2928" Dec: 2.1272"
[TRACE] MJD UTC: 60619.020996 (W68)
[RESID] W68 RA: 0.1966" Dec: 2.7826"
[TRACE] MJD UTC: 60619.034234 (W68)
[RESID] W68 RA: -0.4426" Dec: 2.3804"
[TRACE] MJD UTC: 60619.036040 (W68)
[RESID] W68 RA: -0.3690" Dec: 1.7279"
[TRACE] MJD UTC: 60619.453742 (D29)
[RESID] D29 RA: 0.5291" Dec: -1.9399"
[TRACE] MJD UTC: 60619.467883 (D29)
[RESID] D29 RA: 0.6059" Dec: -2.0729"
[TRACE] MJD UTC: 60619.482024 (D29)
[RESID] D29 RA: -0.0585" Dec: -2.0070"
[TRACE] MJD UTC: 60624.262954 (T05)
[RESID] T05 RA: 0.0016" Dec: -0.9912"
[TRACE] MJD UTC: 60624.266120 (T05)
[RESID] T05 RA: -0.4801" Dec: -1.1229"
[TRACE] MJD UTC: 60624.273359 (T05)
[RESID] T05 RA: -1.4618" Dec: -1.2805"
[TRACE] MJD UTC: 60624.286098 (T05)
[RESID] T05 RA: -0.5909" Dec: -0.9601"
[TRACE] MJD UTC: 60633.057693 (703)
[RESID] 703 RA: -0.4358" Dec: -1.9112"
[TRACE] MJD UTC: 60633.059976 (703)
[RESID] 703 RA: 1.1905" Dec: -1.7879"
[TRACE] MJD UTC: 60633.062257 (703)
[RESID] 703 RA: 1.7525" Dec: -1.3440"
[TRACE] MJD UTC: 60633.064538 (703)
[RESID] 703 RA: 1.5737" Dec: -1.7602"
[TRACE] MJD UTC: 60636.205823 (T05)
[RESID] T05 RA: 0.7217" Dec: -1.6289"
[TRACE] MJD UTC: 60636.209006 (T05)
[RESID] T05 RA: 0.6273" Dec: -1.0775"
[TRACE] MJD UTC: 60636.223152 (T05)
[RESID] T05 RA: 0.9620" Dec: -1.6387"
[TRACE] MJD UTC: 60636.228576 (T05)
[RESID] T05 RA: -1.6069" Dec: -1.9996"
[TRACE] MJD UTC: 60638.200066 (T08)
[RESID] T08 RA: -1.2155" Dec: 0.7088"
[TRACE] MJD UTC: 60638.217036 (T08)
[RESID] T08 RA: 0.9241" Dec: -1.0506"
[TRACE] MJD UTC: 60638.220701 (T08)
[RESID] T08 RA: 0.3375" Dec: -1.6126"
[TRACE] MJD UTC: 60638.226681 (T08)
[RESID] T08 RA: 0.5050" Dec: -1.6288"
[TRACE] MJD UTC: 60640.198643 (T05)
[RESID] T05 RA: 1.4077" Dec: -1.1009"
[TRACE] MJD UTC: 60640.202287 (T05)
[RESID] T05 RA: 0.8962" Dec: -1.8753"
[TRACE] MJD UTC: 60640.207749 (T05)
[RESID] T05 RA: 0.5865" Dec: -0.9604"
[TRACE] MJD UTC: 60640.220547 (T05)
[RESID] T05 RA: 0.3785" Dec: -1.0333"
[TRACE] MJD UTC: 60646.461628 (D29)
[RESID] D29 RA: 0.7962" Dec: -2.2915"
[TRACE] MJD UTC: 60646.475769 (D29)
[RESID] D29 RA: 1.2514" Dec: -2.6512"
[TRACE] MJD UTC: 60666.223608 (T08)
[RESID] T08 RA: 0.7409" Dec: -2.0085"
[TRACE] MJD UTC: 60666.227754 (T08)
[RESID] T08 RA: 0.3200" Dec: -2.0205"
[TRACE] MJD UTC: 60666.235564 (T08)
[RESID] T08 RA: 0.4111" Dec: -1.0267"
[TRACE] MJD UTC: 60666.254416 (T08)
[RESID] T08 RA: 0.1856" Dec: -2.1225"
[TRACE] MJD UTC: 60903.565113 (T08)
[RESID] T08 RA: 0.1941" Dec: -0.0716"
[TRACE] MJD UTC: 60903.572067 (T08)
[RESID] T08 RA: 0.6249" Dec: 0.6230"
[TRACE] MJD UTC: 60903.573460 (T08)
[RESID] T08 RA: 0.1916" Dec: 0.9738"
[TRACE] MJD UTC: 60903.581795 (T08)
[RESID] T08 RA: 0.2312" Dec: 0.5105"
[TRACE] MJD UTC: 60903.588734 (T08)
[RESID] T08 RA: 0.7744" Dec: 0.2769"
[TRACE] MJD UTC: 60903.590127 (T08)
[RESID] T08 RA: 0.8158" Dec: 0.1277"
[TRACE] MJD UTC: 60915.579726 (T05)
[RESID] T05 RA: 0.4658" Dec: 0.2131"
[TRACE] MJD UTC: 60915.588019 (T05)
[RESID] T05 RA: 0.4410" Dec: 0.9086"
[TRACE] MJD UTC: 60915.596304 (T05)
[RESID] T05 RA: -0.0212" Dec: 0.3747"
[TRACE] MJD UTC: 60915.604605 (T05)
[RESID] T05 RA: -0.2118" Dec: 0.3003"
[TRACE] MJD UTC: 60919.601811 (T05)
[RESID] T05 RA: 0.0202" Dec: 0.1783"
[TRACE] MJD UTC: 60919.604560 (T05)
[RESID] T05 RA: 0.1651" Dec: -0.1156"
[TRACE] MJD UTC: 60919.610543 (T05)
[RESID] T05 RA: 0.2721" Dec: -0.1181"
[TRACE] MJD UTC: 60919.620514 (T05)
[RESID] T05 RA: 0.3598" Dec: 0.9780"
[TRACE] MJD UTC: 60929.597705 (T05)
[RESID] T05 RA: 0.9977" Dec: -0.0655"
[TRACE] MJD UTC: 60929.600637 (T05)
[RESID] T05 RA: -0.7358" Dec: 0.2796"
[TRACE] MJD UTC: 60929.623854 (T05)
[RESID] T05 RA: -0.7567" Dec: 0.9825"
[TRACE] MJD UTC: 60929.629934 (T05)
[RESID] T05 RA: -0.1103" Dec: 0.8821"
[TRACE] MJD UTC: 60941.581306 (T05)
[RESID] T05 RA: 0.0112" Dec: 0.8281"
[TRACE] MJD UTC: 60941.584479 (T05)
[RESID] T05 RA: 0.2178" Dec: 0.4075"
[TRACE] MJD UTC: 60941.589997 (T05)
[RESID] T05 RA: -0.2825" Dec: 0.5634"
[TRACE] MJD UTC: 60941.600432 (T05)
[RESID] T05 RA: -0.9879" Dec: 0.4061"
[TRACE] MJD UTC: 60947.572902 (T05)
[RESID] T05 RA: 0.0520" Dec: 0.1894"
[TRACE] MJD UTC: 60947.575748 (T05)
[RESID] T05 RA: -0.2825" Dec: 0.3916"
[TRACE] MJD UTC: 60947.583013 (T05)
[RESID] T05 RA: 0.3130" Dec: -0.3494"
[TRACE] MJD UTC: 60947.588057 (T05)
[RESID] T05 RA: 0.2157" Dec: -0.2790"
[TRACE] MJD UTC: 60951.438910 (G96)
[RESID] G96 RA: -0.2747" Dec: -0.5221"
[TRACE] MJD UTC: 60951.444145 (G96)
[RESID] G96 RA: -0.3094" Dec: -0.5330"
[TRACE] MJD UTC: 60951.449380 (G96)
[RESID] G96 RA: -0.3962" Dec: -0.5838"
[TRACE] MJD UTC: 60951.454614 (G96)
[RESID] G96 RA: -0.5345" Dec: -0.4147"
Iter  8: RMS = 1.280 arcsec, ||Δx|| = 2.25e-10 AU, Outliers = 0
[TRACE] MJD UTC: 6.060876e+04 (M22)
[RESID] M22 RA: -0.4041" Dec: 2.8661"
[TRACE] MJD UTC: 60608.764518 (M22)
[RESID] M22 RA: -0.5130" Dec: 3.0950"
[TRACE] MJD UTC: 60608.766377 (M22)
[RESID] M22 RA: -0.2179" Dec: 2.7142"
[TRACE] MJD UTC: 60608.769584 (M22)
[RESID] M22 RA: -0.6344" Dec: 3.0972"
[TRACE] MJD UTC: 60608.775457 (M22)
[RESID] M22 RA: -0.5040" Dec: 3.1240"
[TRACE] MJD UTC: 60608.775912 (M22)
[RESID] M22 RA: -0.5988" Dec: 3.4207"
[TRACE] MJD UTC: 60608.785469 (M22)
[RESID] M22 RA: -0.8232" Dec: 3.1922"
[TRACE] MJD UTC: 60611.014536 (W68)
[RESID] W68 RA: -0.3667" Dec: 2.7064"
[TRACE] MJD UTC: 60611.017729 (W68)
[RESID] W68 RA: -0.2901" Dec: 2.5535"
[TRACE] MJD UTC: 60611.023620 (W68)
[RESID] W68 RA: -0.1071" Dec: 2.6450"
[TRACE] MJD UTC: 60611.035071 (W68)
[RESID] W68 RA: -1.2743" Dec: 2.7492"
[TRACE] MJD UTC: 60612.756788 (M22)
[RESID] M22 RA: 0.3945" Dec: 2.4829"
[TRACE] MJD UTC: 60612.760435 (M22)
[RESID] M22 RA: -0.6007" Dec: 2.6666"
[TRACE] MJD UTC: 60612.765885 (M22)
[RESID] M22 RA: -0.2246" Dec: 2.9418"
[TRACE] MJD UTC: 60612.777702 (M22)
[RESID] M22 RA: -0.8374" Dec: 3.4338"
[TRACE] MJD UTC: 60614.227689 (T08)
[RESID] T08 RA: -0.6398" Dec: -0.8920"
[TRACE] MJD UTC: 60614.230922 (T08)
[RESID] T08 RA: -0.0906" Dec: -0.9707"
[TRACE] MJD UTC: 60614.236467 (T08)
[RESID] T08 RA: 0.0957" Dec: -0.9721"
[TRACE] MJD UTC: 60614.266327 (T08)
[RESID] T08 RA: -0.1493" Dec: -0.8232"
[TRACE] MJD UTC: 60616.105419 (G96)
[RESID] G96 RA: 0.1956" Dec: -1.9858"
[TRACE] MJD UTC: 60616.111077 (G96)
[RESID] G96 RA: 0.1383" Dec: -1.9328"
[TRACE] MJD UTC: 60616.116734 (G96)
[RESID] G96 RA: -0.0366" Dec: -1.9197"
[TRACE] MJD UTC: 60616.122385 (G96)
[RESID] G96 RA: -0.1913" Dec: -1.9353"
[TRACE] MJD UTC: 60616.231414 (T05)
[RESID] T05 RA: -0.0106" Dec: -1.7045"
[TRACE] MJD UTC: 60616.238673 (T05)
[RESID] T05 RA: 0.2119" Dec: -1.3292"
[TRACE] MJD UTC: 60616.241835 (T05)
[RESID] T05 RA: -0.0822" Dec: -1.3166"
[TRACE] MJD UTC: 60616.252361 (T05)
[RESID] T05 RA: -0.3765" Dec: -1.3851"
[TRACE] MJD UTC: 60618.232027 (T08)
[RESID] T08 RA: 0.6355" Dec: -1.3035"
[TRACE] MJD UTC: 60618.235263 (T08)
[RESID] T08 RA: 0.2748" Dec: -1.5954"
[TRACE] MJD UTC: 60618.242298 (T08)
[RESID] T08 RA: 0.0470" Dec: -1.2841"
[TRACE] MJD UTC: 60618.245072 (T08)
[RESID] T08 RA: 0.0345" Dec: -1.0573"
[TRACE] MJD UTC: 60618.245534 (T08)
[RESID] T08 RA: 0.1434" Dec: -0.9961"
[TRACE] MJD UTC: 60618.260780 (T08)
[RESID] T08 RA: -0.6620" Dec: -0.5271"
[TRACE] MJD UTC: 60619.008172 (W68)
[RESID] W68 RA: 0.0412" Dec: 1.9657"
[TRACE] MJD UTC: 60619.011910 (W68)
[RESID] W68 RA: 0.2232" Dec: 2.0684"
[TRACE] MJD UTC: 60619.012361 (W68)
[RESID] W68 RA: -0.0899" Dec: 2.3405"
[TRACE] MJD UTC: 60619.015556 (W68)
[RESID] W68 RA: 0.1152" Dec: 2.0451"
[TRACE] MJD UTC: 60619.019640 (W68)
[RESID] W68 RA: -0.2928" Dec: 2.1272"
[TRACE] MJD UTC: 60619.020996 (W68)
[RESID] W68 RA: 0.1966" Dec: 2.7826"
[TRACE] MJD UTC: 60619.034234 (W68)
[RESID] W68 RA: -0.4426" Dec: 2.3804"
[TRACE] MJD UTC: 60619.036040 (W68)
[RESID] W68 RA: -0.3690" Dec: 1.7279"
[TRACE] MJD UTC: 60619.453742 (D29)
[RESID] D29 RA: 0.5291" Dec: -1.9399"
[TRACE] MJD UTC: 60619.467883 (D29)
[RESID] D29 RA: 0.6059" Dec: -2.0729"
[TRACE] MJD UTC: 60619.482024 (D29)
[RESID] D29 RA: -0.0585" Dec: -2.0070"
[TRACE] MJD UTC: 60624.262954 (T05)
[RESID] T05 RA: 0.0016" Dec: -0.9912"
[TRACE] MJD UTC: 60624.266120 (T05)
[RESID] T05 RA: -0.4801" Dec: -1.1229"
[TRACE] MJD UTC: 60624.273359 (T05)
[RESID] T05 RA: -1.4618" Dec: -1.2805"
[TRACE] MJD UTC: 60624.286098 (T05)
[RESID] T05 RA: -0.5909" Dec: -0.9601"
[TRACE] MJD UTC: 60633.057693 (703)
[RESID] 703 RA: -0.4358" Dec: -1.9112"
[TRACE] MJD UTC: 60633.059976 (703)
[RESID] 703 RA: 1.1905" Dec: -1.7879"
[TRACE] MJD UTC: 60633.062257 (703)
[RESID] 703 RA: 1.7525" Dec: -1.3440"
[TRACE] MJD UTC: 60633.064538 (703)
[RESID] 703 RA: 1.5737" Dec: -1.7602"
[TRACE] MJD UTC: 60636.205823 (T05)
[RESID] T05 RA: 0.7217" Dec: -1.6289"
[TRACE] MJD UTC: 60636.209006 (T05)
[RESID] T05 RA: 0.6273" Dec: -1.0775"
[TRACE] MJD UTC: 60636.223152 (T05)
[RESID] T05 RA: 0.9620" Dec: -1.6387"
[TRACE] MJD UTC: 60636.228576 (T05)
[RESID] T05 RA: -1.6069" Dec: -1.9996"
[TRACE] MJD UTC: 60638.200066 (T08)
[RESID] T08 RA: -1.2155" Dec: 0.7088"
[TRACE] MJD UTC: 60638.217036 (T08)
[RESID] T08 RA: 0.9241" Dec: -1.0506"
[TRACE] MJD UTC: 60638.220701 (T08)
[RESID] T08 RA: 0.3375" Dec: -1.6126"
[TRACE] MJD UTC: 60638.226681 (T08)
[RESID] T08 RA: 0.5050" Dec: -1.6288"
[TRACE] MJD UTC: 60640.198643 (T05)
[RESID] T05 RA: 1.4077" Dec: -1.1009"
[TRACE] MJD UTC: 60640.202287 (T05)
[RESID] T05 RA: 0.8962" Dec: -1.8753"
[TRACE] MJD UTC: 60640.207749 (T05)
[RESID] T05 RA: 0.5865" Dec: -0.9604"
[TRACE] MJD UTC: 60640.220547 (T05)
[RESID] T05 RA: 0.3785" Dec: -1.0333"
[TRACE] MJD UTC: 60646.461628 (D29)
[RESID] D29 RA: 0.7962" Dec: -2.2915"
[TRACE] MJD UTC: 60646.475769 (D29)
[RESID] D29 RA: 1.2514" Dec: -2.6512"
[TRACE] MJD UTC: 60666.223608 (T08)
[RESID] T08 RA: 0.7409" Dec: -2.0085"
[TRACE] MJD UTC: 60666.227754 (T08)
[RESID] T08 RA: 0.3200" Dec: -2.0205"
[TRACE] MJD UTC: 60666.235564 (T08)
[RESID] T08 RA: 0.4111" Dec: -1.0267"
[TRACE] MJD UTC: 60666.254416 (T08)
[RESID] T08 RA: 0.1856" Dec: -2.1225"
[TRACE] MJD UTC: 60903.565113 (T08)
[RESID] T08 RA: 0.1941" Dec: -0.0716"
[TRACE] MJD UTC: 60903.572067 (T08)
[RESID] T08 RA: 0.6249" Dec: 0.6230"
[TRACE] MJD UTC: 60903.573460 (T08)
[RESID] T08 RA: 0.1916" Dec: 0.9738"
[TRACE] MJD UTC: 60903.581795 (T08)
[RESID] T08 RA: 0.2312" Dec: 0.5105"
[TRACE] MJD UTC: 60903.588734 (T08)
[RESID] T08 RA: 0.7744" Dec: 0.2769"
[TRACE] MJD UTC: 60903.590127 (T08)
[RESID] T08 RA: 0.8158" Dec: 0.1277"
[TRACE] MJD UTC: 60915.579726 (T05)
[RESID] T05 RA: 0.4658" Dec: 0.2131"
[TRACE] MJD UTC: 60915.588019 (T05)
[RESID] T05 RA: 0.4410" Dec: 0.9086"
[TRACE] MJD UTC: 60915.596304 (T05)
[RESID] T05 RA: -0.0212" Dec: 0.3747"
[TRACE] MJD UTC: 60915.604605 (T05)
[RESID] T05 RA: -0.2118" Dec: 0.3003"
[TRACE] MJD UTC: 60919.601811 (T05)
[RESID] T05 RA: 0.0202" Dec: 0.1783"
[TRACE] MJD UTC: 60919.604560 (T05)
[RESID] T05 RA: 0.1651" Dec: -0.1156"
[TRACE] MJD UTC: 60919.610543 (T05)
[RESID] T05 RA: 0.2721" Dec: -0.1181"
[TRACE] MJD UTC: 60919.620514 (T05)
[RESID] T05 RA: 0.3598" Dec: 0.9780"
[TRACE] MJD UTC: 60929.597705 (T05)
[RESID] T05 RA: 0.9977" Dec: -0.0655"
[TRACE] MJD UTC: 60929.600637 (T05)
[RESID] T05 RA: -0.7358" Dec: 0.2796"
[TRACE] MJD UTC: 60929.623854 (T05)
[RESID] T05 RA: -0.7567" Dec: 0.9825"
[TRACE] MJD UTC: 60929.629934 (T05)
[RESID] T05 RA: -0.1103" Dec: 0.8821"
[TRACE] MJD UTC: 60941.581306 (T05)
[RESID] T05 RA: 0.0112" Dec: 0.8281"
[TRACE] MJD UTC: 60941.584479 (T05)
[RESID] T05 RA: 0.2178" Dec: 0.4075"
[TRACE] MJD UTC: 60941.589997 (T05)
[RESID] T05 RA: -0.2825" Dec: 0.5634"
[TRACE] MJD UTC: 60941.600432 (T05)
[RESID] T05 RA: -0.9879" Dec: 0.4061"
[TRACE] MJD UTC: 60947.572902 (T05)
[RESID] T05 RA: 0.0520" Dec: 0.1894"
[TRACE] MJD UTC: 60947.575748 (T05)
[RESID] T05 RA: -0.2825" Dec: 0.3916"
[TRACE] MJD UTC: 60947.583013 (T05)
[RESID] T05 RA: 0.3130" Dec: -0.3494"
[TRACE] MJD UTC: 60947.588057 (T05)
[RESID] T05 RA: 0.2157" Dec: -0.2790"
[TRACE] MJD UTC: 60951.438910 (G96)
[RESID] G96 RA: -0.2747" Dec: -0.5221"
[TRACE] MJD UTC: 60951.444145 (G96)
[RESID] G96 RA: -0.3094" Dec: -0.5330"
[TRACE] MJD UTC: 60951.449380 (G96)
[RESID] G96 RA: -0.3962" Dec: -0.5838"
[TRACE] MJD UTC: 60951.454614 (G96)
[RESID] G96 RA: -0.5345" Dec: -0.4147"
Iter  9: RMS = 1.280 arcsec, ||Δx|| = 2.64e-11 AU, Outliers = 0

✓ CONVERGED after 9 iterations
========================================


=== Final Orbit ===
Epoch:    61000.000000 MJD TDB
a:        2.804841767 AU
e:        0.173416985
i:        27.087894 deg
Ω:        343.286548 deg
ω:        9.081601 deg
M:        69.765978 deg
Period:   1715.778 days
q:        2.318435 AU
Q:        3.291249 AU

=== Residuals Summary ===
Observations:  100
Rejected:      0
RMS (RA):      0.616 arcsec
RMS (Dec):     1.701 arcsec
Chi²:          1309.76
Iterations:    9
Converged:     Yes
[DEBUG] AsteroidFitter::fitFromConfig completed.
[DEBUG] Fitter returned a=2.80 AU (success=1)
[DEBUG] Rotating fitted orbit back to Ecliptic...
[DEBUG]   Rotation back successful.
[DEBUG] Final elements (Ecliptic): a=2.80 AU, i=7.98
[PHASE2] Orbit fit completed. RMS=1.28 arcsec (100 obs used)
✓ DE441 loaded (Native Reader): /Users/michelebigi/.ioccultcalc/ephemerides/de441_part-2.bsp

[VERIFICATION] Phase 2 (Refined) @ MJD 61049.00000 (9 Jan 2026 0:00):
  RA: 86.17094 deg (5.74473 h)
  Dec: 26.57517 deg
  Dist: 1.86868 AU
  RA (hms): 5h 44m 41.026s
  Dec (dms): +26d 34' 30.63"
  Diff vs JPL: RA=12540.89 mas, Dec=9135.94 mas

Processed Phase 2 for all candidates. Found 93 confirmed events.
--------------------------------------------------
CANDIDATE RESULT (Phase 2):
  Star ID:  3441368182582939136
  Star Pos: RA=86.068119 Dec=26.555894
  Date:     61049.49306
  CA Dist:  30.980"
  Duration: 0.00 s
--------------------------------------------------
--------------------------------------------------
CANDIDATE RESULT (Phase 2):
  Star ID:  3441368182582486016
  Star Pos: RA=86.069996 Dec=26.551406
  Date:     61049.49306
  CA Dist:  14.399"
  Duration: 0.00 s
--------------------------------------------------
--------------------------------------------------
CANDIDATE RESULT (Phase 2):
  Star ID:  3441368143930500864
  Star Pos: RA=86.049137 Dec=26.554228
  Date:     61049.57639
  CA Dist:  43.074"
  Duration: 0.00 s
--------------------------------------------------
--------------------------------------------------
CANDIDATE RESULT (Phase 2):
  Star ID:  3441368143925110912
  Star Pos: RA=86.045943 Dec=26.551512
  Date:     61049.59028
  CA Dist:  36.826"
  Duration: 0.00 s
--------------------------------------------------
--------------------------------------------------
CANDIDATE RESULT (Phase 2):
  Star ID:  3441368079503276032
  Star Pos: RA=86.059049 Dec=26.545247
  Date:     61049.54435
  CA Dist:  2.731"
  Duration: 0.36 s
  Shadow Path (21 pts):
    - Lat:  -4.5329 Lon:  70.3718 MJD: 61049.5409
    - Lat:  -4.8818 Lon:  54.3746 MJD: 61049.5426
    - Lat:  -7.7330 Lon:  40.4253 MJD: 61049.5443
    - Lat: -12.7414 Lon:  26.9191 MJD: 61049.5461
    - Lat: -20.4922 Lon:  12.1812 MJD: 61049.5478
--------------------------------------------------
--------------------------------------------------
CANDIDATE RESULT (Phase 2):
  Star ID:  3441368075206526336
  Star Pos: RA=86.058261 Dec=26.547915
  Date:     61049.54373
  CA Dist:  12.659"
  Duration: 0.36 s
--------------------------------------------------
--------------------------------------------------
CANDIDATE RESULT (Phase 2):
  Star ID:  3441368045143547648
  Star Pos: RA=86.044978 Dec=26.533545
  Date:     61049.62566
  CA Dist:  24.091"
  Duration: 0.36 s
--------------------------------------------------
--------------------------------------------------
CANDIDATE RESULT (Phase 2):
  Star ID:  3441368045143543168
  Star Pos: RA=86.053948 Dec=26.538030
  Date:     61049.57841
  CA Dist:  17.227"
  Duration: 0.36 s
--------------------------------------------------
--------------------------------------------------
CANDIDATE RESULT (Phase 2):
  Star ID:  3441367216212990976
  Star Pos: RA=85.888177 Dec=26.510179
  Date:     61050.37253
  CA Dist:  46.913"
  Duration: 0.36 s
--------------------------------------------------
--------------------------------------------------
CANDIDATE RESULT (Phase 2):
  Star ID:  3441367216212988416
  Star Pos: RA=85.891205 Dec=26.509082
  Date:     61050.36806
  CA Dist:  40.517"
  Duration: 0.36 s
--------------------------------------------------
--------------------------------------------------
CANDIDATE RESULT (Phase 2):
  Star ID:  3441367048708856832
  Star Pos: RA=85.922246 Dec=26.517636
  Date:     61050.20535
  CA Dist:  39.362"
  Duration: 0.36 s
--------------------------------------------------
--------------------------------------------------
CANDIDATE RESULT (Phase 2):
  Star ID:  3441367044414317184
  Star Pos: RA=85.922347 Dec=26.517392
  Date:     61050.20528
  CA Dist:  38.427"
  Duration: 0.36 s
--------------------------------------------------
--------------------------------------------------
CANDIDATE RESULT (Phase 2):
  Star ID:  3441367014351445376
  Star Pos: RA=85.905906 Dec=26.504548
  Date:     61050.29861
  CA Dist:  10.423"
  Duration: 0.36 s
--------------------------------------------------
--------------------------------------------------
CANDIDATE RESULT (Phase 2):
  Star ID:  3441367014351443200
  Star Pos: RA=85.903972 Dec=26.513680
  Date:     61050.29486
  CA Dist:  43.540"
  Duration: 0.36 s
--------------------------------------------------
--------------------------------------------------
CANDIDATE RESULT (Phase 2):
  Star ID:  3441367010053746816
  Star Pos: RA=85.903651 Dec=26.512111
  Date:     61050.29861
  CA Dist:  38.467"
  Duration: 0.36 s
--------------------------------------------------
--------------------------------------------------
CANDIDATE RESULT (Phase 2):
  Star ID:  3441366975694827520
  Star Pos: RA=85.926665 Dec=26.510333
  Date:     61050.20139
  CA Dist:  10.440"
  Duration: 0.36 s
--------------------------------------------------
--------------------------------------------------
CANDIDATE RESULT (Phase 2):
  Star ID:  3441366941335046656
  Star Pos: RA=85.916137 Dec=26.490474
  Date:     61050.28472
  CA Dist:  48.227"
  Duration: 0.36 s
--------------------------------------------------
--------------------------------------------------
CANDIDATE RESULT (Phase 2):
  Star ID:  3441366803896186368
  Star Pos: RA=86.010416 Dec=26.537247
  Date:     61049.78472
  CA Dist:  22.621"
  Duration: 0.36 s
--------------------------------------------------
--------------------------------------------------
CANDIDATE RESULT (Phase 2):
  Star ID:  3441366769536442624
  Star Pos: RA=85.982330 Dec=26.533884
  Date:     61049.90972
  CA Dist:  37.142"
  Duration: 0.36 s
--------------------------------------------------
--------------------------------------------------
CANDIDATE RESULT (Phase 2):
  Star ID:  3441366705113771520
  Star Pos: RA=85.983344 Dec=26.528934
  Date:     61049.91050
  CA Dist:  19.123"
  Duration: 0.36 s
--------------------------------------------------
--------------------------------------------------
CANDIDATE RESULT (Phase 2):
  Star ID:  3441366705113769728
  Star Pos: RA=85.987661 Dec=26.531515
  Date:     61049.88194
  CA Dist:  24.080"
  Duration: 0.36 s
--------------------------------------------------
--------------------------------------------------
CANDIDATE RESULT (Phase 2):
  Star ID:  3441366705113768192
  Star Pos: RA=85.994909 Dec=26.529129
  Date:     61049.86806
  CA Dist:  11.060"
  Duration: 0.36 s
--------------------------------------------------
--------------------------------------------------
CANDIDATE RESULT (Phase 2):
  Star ID:  3441366602034549888
  Star Pos: RA=86.013983 Dec=26.521910
  Date:     61049.78472
  CA Dist:  34.453"
  Duration: 0.36 s
--------------------------------------------------
--------------------------------------------------
CANDIDATE RESULT (Phase 2):
  Star ID:  3441366597737738624
  Star Pos: RA=86.021194 Dec=26.526332
  Date:     61049.74389
  CA Dist:  26.150"
  Duration: 0.36 s
--------------------------------------------------
--------------------------------------------------
CANDIDATE RESULT (Phase 2):
  Star ID:  3441366563377993088
  Star Pos: RA=86.037213 Dec=26.521998
  Date:     61049.67361
  CA Dist:  56.477"
  Duration: 0.36 s
--------------------------------------------------
--------------------------------------------------
CANDIDATE RESULT (Phase 2):
  Star ID:  3441366529018236416
  Star Pos: RA=86.022044 Dec=26.514274
  Date:     61049.75694
  CA Dist:  68.423"
  Duration: 0.36 s
--------------------------------------------------
--------------------------------------------------
CANDIDATE RESULT (Phase 2):
  Star ID:  3441366464596665856
  Star Pos: RA=85.986164 Dec=26.507648
  Date:     61049.95139
  CA Dist:  58.319"
  Duration: 0.36 s
--------------------------------------------------
--------------------------------------------------
CANDIDATE RESULT (Phase 2):
  Star ID:  3441366464593282688
  Star Pos: RA=85.985188 Dec=26.509222
  Date:     61049.95139
  CA Dist:  51.845"
  Duration: 0.36 s
--------------------------------------------------
--------------------------------------------------
CANDIDATE RESULT (Phase 2):
  Star ID:  3441366460301247360
  Star Pos: RA=85.990718 Dec=26.513945
  Date:     61049.90972
  CA Dist:  39.925"
  Duration: 0.36 s
--------------------------------------------------
--------------------------------------------------
CANDIDATE RESULT (Phase 2):
  Star ID:  3441366460298758144
  Star Pos: RA=85.989809 Dec=26.514290
  Date:     61049.90972
  CA Dist:  37.580"
  Duration: 0.36 s
--------------------------------------------------
--------------------------------------------------
CANDIDATE RESULT (Phase 2):
  Star ID:  3441366361516398080
  Star Pos: RA=85.955627 Dec=26.520197
  Date:     61050.04861
  CA Dist:  15.857"
  Duration: 0.36 s
--------------------------------------------------
--------------------------------------------------
CANDIDATE RESULT (Phase 2):
  Star ID:  3441366357219555328
  Star Pos: RA=85.960512 Dec=26.519447
  Date:     61050.03472
  CA Dist:  9.434"
  Duration: 0.36 s
--------------------------------------------------
--------------------------------------------------
CANDIDATE RESULT (Phase 2):
  Star ID:  3441366322859801216 (TARGET)
  Star Pos: RA=85.949975 Dec=26.512138
  Date:     61050.08823
  CA Dist:  6.377"
  Duration: 0.36 s
--------------------------------------------------
--------------------------------------------------
CANDIDATE RESULT (Phase 2):
  Star ID:  3441366322859786240
  Star Pos: RA=85.949784 Dec=26.506001
  Date:     61050.11806
  CA Dist:  30.196"
  Duration: 0.36 s
--------------------------------------------------
--------------------------------------------------
CANDIDATE RESULT (Phase 2):
  Star ID:  3441366292796921984
  Star Pos: RA=85.968118 Dec=26.508554
  Date:     61050.00694
  CA Dist:  36.355"
  Duration: 0.36 s
--------------------------------------------------
--------------------------------------------------
CANDIDATE RESULT (Phase 2):
  Star ID:  3441366292796919296
  Star Pos: RA=85.967997 Dec=26.514610
  Date:     61050.00261
  CA Dist:  15.295"
  Duration: 0.36 s
--------------------------------------------------
--------------------------------------------------
CANDIDATE RESULT (Phase 2):
  Star ID:  3441366288500046208
  Star Pos: RA=85.971802 Dec=26.504344
  Date:     61050.00169
  CA Dist:  54.228"
  Duration: 0.36 s
--------------------------------------------------
--------------------------------------------------
CANDIDATE RESULT (Phase 2):
  Star ID:  3441366258438240000
  Star Pos: RA=85.958268 Dec=26.503911
  Date:     61050.07639
  CA Dist:  43.499"
  Duration: 0.36 s
--------------------------------------------------
--------------------------------------------------
CANDIDATE RESULT (Phase 2):
  Star ID:  3441366258434866304
  Star Pos: RA=85.957926 Dec=26.503401
  Date:     61050.07639
  CA Dist:  44.616"
  Duration: 0.36 s
--------------------------------------------------
--------------------------------------------------
CANDIDATE RESULT (Phase 2):
  Star ID:  3441362547585654528
  Star Pos: RA=86.173437 Dec=26.578645
  Date:     61048.99306
  CA Dist:  11.604"
  Duration: 0.36 s
--------------------------------------------------
--------------------------------------------------
CANDIDATE RESULT (Phase 2):
  Star ID:  3441362543288717952
  Star Pos: RA=86.182511 Dec=26.582695
  Date:     61048.99306
  CA Dist:  41.518"
  Duration: 0.36 s
--------------------------------------------------
--------------------------------------------------
CANDIDATE RESULT (Phase 2):
  Star ID:  3441362543288699264
  Star Pos: RA=86.174629 Dec=26.572831
  Date:     61048.99306
  CA Dist:  12.225"
  Duration: 0.36 s
--------------------------------------------------
--------------------------------------------------
CANDIDATE RESULT (Phase 2):
  Star ID:  3441356908291608704
  Star Pos: RA=86.127803 Dec=26.575074
  Date:     61049.20139
  CA Dist:  40.781"
  Duration: 0.36 s
--------------------------------------------------
--------------------------------------------------
CANDIDATE RESULT (Phase 2):
  Star ID:  3441356843868813312
  Star Pos: RA=86.102244 Dec=26.562152
  Date:     61049.32639
  CA Dist:  19.903"
  Duration: 0.36 s
--------------------------------------------------
--------------------------------------------------
CANDIDATE RESULT (Phase 2):
  Star ID:  3441356839572103936
  Star Pos: RA=86.099034 Dec=26.560561
  Date:     61049.34028
  CA Dist:  17.483"
  Duration: 0.36 s
--------------------------------------------------
--------------------------------------------------
CANDIDATE RESULT (Phase 2):
  Star ID:  3441356805212382336
  Star Pos: RA=86.126666 Dec=26.568835
  Date:     61049.20616
  CA Dist:  19.810"
  Duration: 0.36 s
--------------------------------------------------
--------------------------------------------------
CANDIDATE RESULT (Phase 2):
  Star ID:  3441356775149338368
  Star Pos: RA=86.103583 Dec=26.555212
  Date:     61049.32983
  CA Dist:  5.263"
  Duration: 0.36 s
--------------------------------------------------
--------------------------------------------------
CANDIDATE RESULT (Phase 2):
  Star ID:  3441356770852622592
  Star Pos: RA=86.100447 Dec=26.557646
  Date:     61049.34008
  CA Dist:  6.078"
  Duration: 0.36 s
--------------------------------------------------
--------------------------------------------------
CANDIDATE RESULT (Phase 2):
  Star ID:  3441356702133169920
  Star Pos: RA=86.137240 Dec=26.570130
  Date:     61049.15972
  CA Dist:  14.412"
  Duration: 0.36 s
--------------------------------------------------
--------------------------------------------------
CANDIDATE RESULT (Phase 2):
  Star ID:  3441356633412757376
  Star Pos: RA=86.154458 Dec=26.554148
  Date:     61049.11806
  CA Dist:  57.648"
  Duration: 0.36 s
--------------------------------------------------
--------------------------------------------------
CANDIDATE RESULT (Phase 2):
  Star ID:  3441356603350920576
  Star Pos: RA=86.132343 Dec=26.553651
  Date:     61049.20404
  CA Dist:  37.810"
  Duration: 0.36 s
--------------------------------------------------
--------------------------------------------------
CANDIDATE RESULT (Phase 2):
  Star ID:  3441356599053927168
  Star Pos: RA=86.139277 Dec=26.554633
  Date:     61049.17169
  CA Dist:  40.964"
  Duration: 0.36 s
--------------------------------------------------
--------------------------------------------------
CANDIDATE RESULT (Phase 2):
  Star ID:  3441356568989058304
  Star Pos: RA=86.126327 Dec=26.548714
  Date:     61049.24306
  CA Dist:  49.234"
  Duration: 0.36 s
--------------------------------------------------
--------------------------------------------------
CANDIDATE RESULT (Phase 2):
  Star ID:  3441356564694179456
  Star Pos: RA=86.126560 Dec=26.549246
  Date:     61049.24306
  CA Dist:  47.728"
  Duration: 0.36 s
--------------------------------------------------
--------------------------------------------------
CANDIDATE RESULT (Phase 2):
  Star ID:  3441356461614966400
  Star Pos: RA=86.092671 Dec=26.551717
  Date:     61049.38194
  CA Dist:  7.083"
  Duration: 0.36 s
--------------------------------------------------
--------------------------------------------------
CANDIDATE RESULT (Phase 2):
  Star ID:  3441356427255208832
  Star Pos: RA=86.075463 Dec=26.541985
  Date:     61049.49306
  CA Dist:  26.842"
  Duration: 0.36 s
--------------------------------------------------
--------------------------------------------------
CANDIDATE RESULT (Phase 2):
  Star ID:  3441356397192217088
  Star Pos: RA=86.109007 Dec=26.546186
  Date:     61049.32639
  CA Dist:  41.731"
  Duration: 0.36 s
--------------------------------------------------
--------------------------------------------------
CANDIDATE RESULT (Phase 2):
  Star ID:  3441356362832485120
  Star Pos: RA=86.091593 Dec=26.539934
  Date:     61049.40972
  CA Dist:  46.513"
  Duration: 0.36 s
--------------------------------------------------
--------------------------------------------------
CANDIDATE RESULT (Phase 2):
  Star ID:  3441356358535730944
  Star Pos: RA=86.092244 Dec=26.537391
  Date:     61049.40972
  CA Dist:  55.851"
  Duration: 0.36 s
--------------------------------------------------
--------------------------------------------------
CANDIDATE RESULT (Phase 2):
  Star ID:  3441356358535727104
  Star Pos: RA=86.084058 Dec=26.538099
  Date:     61049.45139
  CA Dist:  45.965"
  Duration: 0.36 s
--------------------------------------------------
--------------------------------------------------
CANDIDATE RESULT (Phase 2):
  Star ID:  3441356358534851200
  Star Pos: RA=86.090743 Dec=26.544162
  Date:     61049.40972
  CA Dist:  31.356"
  Duration: 0.36 s
--------------------------------------------------
--------------------------------------------------
CANDIDATE RESULT (Phase 2):
  Star ID:  3441356255456499712
  Star Pos: RA=86.072179 Dec=26.530765
  Date:     61049.50694
  CA Dist:  59.574"
  Duration: 0.36 s
--------------------------------------------------
--------------------------------------------------
CANDIDATE RESULT (Phase 2):
  Star ID:  3441355911859175936
  Star Pos: RA=86.171808 Dec=26.563070
  Date:     61049.03472
  CA Dist:  44.776"
  Duration: 0.36 s
--------------------------------------------------
--------------------------------------------------
CANDIDATE RESULT (Phase 2):
  Star ID:  3441354816644279680
  Star Pos: RA=86.045096 Dec=26.522420
  Date:     61049.65972
  CA Dist:  63.562"
  Duration: 0.36 s
--------------------------------------------------
--------------------------------------------------
CANDIDATE RESULT (Phase 2):
  Star ID:  3441346325491986560
  Star Pos: RA=85.764016 Dec=26.472282
  Date:     61051.00559
  CA Dist:  39.178"
  Duration: 0.36 s
--------------------------------------------------
--------------------------------------------------
CANDIDATE RESULT (Phase 2):
  Star ID:  3441346226710789120
  Star Pos: RA=85.815300 Dec=26.485808
  Date:     61050.74634
  CA Dist:  34.779"
  Duration: 0.36 s
--------------------------------------------------
--------------------------------------------------
CANDIDATE RESULT (Phase 2):
  Star ID:  3441346157990304512
  Star Pos: RA=85.774686 Dec=26.471418
  Date:     61050.95765
  CA Dist:  25.629"
  Duration: 0.36 s
--------------------------------------------------
--------------------------------------------------
CANDIDATE RESULT (Phase 2):
  Star ID:  3441346153693288576
  Star Pos: RA=85.779095 Dec=26.468121
  Date:     61050.95139
  CA Dist:  11.491"
  Duration: 0.36 s
--------------------------------------------------
--------------------------------------------------
CANDIDATE RESULT (Phase 2):
  Star ID:  3441346123630569088
  Star Pos: RA=85.765405 Dec=26.467729
  Date:     61051.00678
  CA Dist:  22.207"
  Duration: 0.36 s
--------------------------------------------------
--------------------------------------------------
CANDIDATE RESULT (Phase 2):
  Star ID:  3441344852320253696
  Star Pos: RA=85.754460 Dec=26.461248
  Date:     61051.00694
  CA Dist:  42.073"
  Duration: 0.36 s
--------------------------------------------------
--------------------------------------------------
CANDIDATE RESULT (Phase 2):
  Star ID:  3441344646161825536
  Star Pos: RA=85.760230 Dec=26.448368
  Date:     61051.00694
  CA Dist:  53.896"
  Duration: 0.36 s
--------------------------------------------------
--------------------------------------------------
CANDIDATE RESULT (Phase 2):
  Star ID:  3441344646161824256
  Star Pos: RA=85.763645 Dec=26.450895
  Date:     61051.00694
  CA Dist:  41.351"
  Duration: 0.36 s
--------------------------------------------------
--------------------------------------------------
CANDIDATE RESULT (Phase 2):
  Star ID:  3441344646161823104
  Star Pos: RA=85.761472 Dec=26.457637
  Date:     61051.00694
  CA Dist:  24.642"
  Duration: 0.36 s
--------------------------------------------------
--------------------------------------------------
CANDIDATE RESULT (Phase 2):
  Star ID:  3441344573145279616
  Star Pos: RA=85.768010 Dec=26.448319
  Date:     61051.00694
  CA Dist:  48.744"
  Duration: 0.36 s
--------------------------------------------------
--------------------------------------------------
CANDIDATE RESULT (Phase 2):
  Star ID:  3441344573144572800
  Star Pos: RA=85.768659 Dec=26.446491
  Date:     61051.00694
  CA Dist:  55.424"
  Duration: 0.36 s
--------------------------------------------------
--------------------------------------------------
CANDIDATE RESULT (Phase 2):
  Star ID:  3441343748511662464
  Star Pos: RA=85.883791 Dec=26.499098
  Date:     61050.41051
  CA Dist:  13.172"
  Duration: 0.36 s
--------------------------------------------------
--------------------------------------------------
CANDIDATE RESULT (Phase 2):
  Star ID:  3441343714151931008
  Star Pos: RA=85.870574 Dec=26.503486
  Date:     61050.46379
  CA Dist:  41.136"
  Duration: 0.36 s
--------------------------------------------------
--------------------------------------------------
CANDIDATE RESULT (Phase 2):
  Star ID:  3441343645432428544
  Star Pos: RA=85.832579 Dec=26.489396
  Date:     61050.66097
  CA Dist:  30.070"
  Duration: 0.36 s
--------------------------------------------------
--------------------------------------------------
CANDIDATE RESULT (Phase 2):
  Star ID:  3441343615369638144
  Star Pos: RA=85.854221 Dec=26.486904
  Date:     61050.57639
  CA Dist:  7.138"
  Duration: 0.36 s
--------------------------------------------------
--------------------------------------------------
CANDIDATE RESULT (Phase 2):
  Star ID:  3441343581009903232
  Star Pos: RA=85.853575 Dec=26.476284
  Date:     61050.58609
  CA Dist:  35.511"
  Duration: 0.36 s
--------------------------------------------------
--------------------------------------------------
CANDIDATE RESULT (Phase 2):
  Star ID:  3441343546650147968
  Star Pos: RA=85.891778 Dec=26.493217
  Date:     61050.38194
  CA Dist:  14.841"
  Duration: 0.36 s
--------------------------------------------------
--------------------------------------------------
CANDIDATE RESULT (Phase 2):
  Star ID:  3441343546650146176
  Star Pos: RA=85.893655 Dec=26.495904
  Date:     61050.37064
  CA Dist:  7.411"
  Duration: 0.36 s
--------------------------------------------------
--------------------------------------------------
CANDIDATE RESULT (Phase 2):
  Star ID:  3441343512290415232
  Star Pos: RA=85.882646 Dec=26.489305
  Date:     61050.45139
  CA Dist:  23.416"
  Duration: 0.36 s
--------------------------------------------------
--------------------------------------------------
CANDIDATE RESULT (Phase 2):
  Star ID:  3441343507993475456
  Star Pos: RA=85.878166 Dec=26.487912
  Date:     61050.45441
  CA Dist:  19.708"
  Duration: 0.36 s
--------------------------------------------------
--------------------------------------------------
CANDIDATE RESULT (Phase 2):
  Star ID:  3441343477930892544
  Star Pos: RA=85.907910 Dec=26.486912
  Date:     61050.32639
  CA Dist:  52.326"
  Duration: 0.36 s
--------------------------------------------------
--------------------------------------------------
CANDIDATE RESULT (Phase 2):
  Star ID:  3441343439273985024
  Star Pos: RA=85.889504 Dec=26.480514
  Date:     61050.41457
  CA Dist:  56.163"
  Duration: 0.36 s
--------------------------------------------------
--------------------------------------------------
CANDIDATE RESULT (Phase 2):
  Star ID:  3441343404914244096
  Star Pos: RA=85.868835 Dec=26.479994
  Date:     61050.50694
  CA Dist:  37.797"
  Duration: 0.36 s
--------------------------------------------------
--------------------------------------------------
CANDIDATE RESULT (Phase 2):
  Star ID:  3441343404914233088
  Star Pos: RA=85.871965 Dec=26.474119
  Date:     61050.50528
  CA Dist:  60.956"
  Duration: 0.36 s
--------------------------------------------------
--------------------------------------------------
CANDIDATE RESULT (Phase 2):
  Star ID:  3441343271772270464
  Star Pos: RA=85.822920 Dec=26.466587
  Date:     61050.74306
  CA Dist:  38.609"
  Duration: 0.36 s
--------------------------------------------------
--------------------------------------------------
CANDIDATE RESULT (Phase 2):
  Star ID:  3441343271772265216
  Star Pos: RA=85.829295 Dec=26.474429
  Date:     61050.70139
  CA Dist:  18.014"
  Duration: 0.36 s
--------------------------------------------------
--------------------------------------------------
CANDIDATE RESULT (Phase 2):
  Star ID:  3441343237412534784
  Star Pos: RA=85.817925 Dec=26.461862
  Date:     61050.78472
  CA Dist:  50.399"
  Duration: 0.36 s
--------------------------------------------------
--------------------------------------------------
CANDIDATE RESULT (Phase 2):
  Star ID:  3441343237412532608
  Star Pos: RA=85.818936 Dec=26.468920
  Date:     61050.75694
  CA Dist:  26.690"
  Duration: 0.36 s
--------------------------------------------------
--------------------------------------------------
CANDIDATE RESULT (Phase 2):
  Star ID:  3441343168693056512
  Star Pos: RA=85.825662 Dec=26.461428
  Date:     61050.74306
  CA Dist:  59.061"
  Duration: 0.36 s
--------------------------------------------------

Native API refactor workflow completed.
