Could not open IAU catalog: data/IAU-CSN.json
Could not open star names database: data/common_star_names.csv
Loaded 23 stars from embedded database
Loaded star names from embedded database
ITALOccultCalc v1.0 [Native API Workflow]
SPICESPKReader: Loaded /Users/michelebigi/.ioccultcalc/ephemerides/de440.bsp
Successfully loaded de440.bsp
✓ DE441 loaded (Native Reader): /Users/michelebigi/.ioccultcalc/ephemerides/de441_part-2.bsp
Loading asteroid 34713 elements from EQ1...
[AstDynWrapper] Caricata matrice di covarianza per 
Phase 1: Screening stars in 1 deg corridor...
[PHASE1] Starting native screening for 34713 (MJD 61049 to 61051)...
[PHASE1] Path start: RA=86.1672 Dec=26.5727
[PHASE1] Path end:   RA=85.7652 Dec=26.4597
[PHASE1] Querying Gaia catalog with 49 ICRF points...
Optimized Corridor: 49 points -> 1 query cones.
[PHASE1] Screening complete. Found 95 candidates (24745 stars in corridor).
Found 95 candidates (24745 stars initially in corridor).
[VERIFY] Star 3441366322859801216 FOUND in Phase 1 candidates!

Phase 2: Calculating precise geometry for 95 candidates...
[DEBUG_SPK] Requesting Body=399 Center=10 JD=2461049.41503 ET=821181458.36
DEBUG SPK frame=J2000 body=399 center=10:
  pos=[-0.30833, 0.856767, 0.371396] AU
[DEBUG_SPK] Requesting Body=399 Center=10 JD=2461049.58169 ET=821195858.36
[DEBUG_SPK] Requesting Body=399 Center=10 JD=2461049.74836 ET=821210258.36
[DEBUG_SPK] Requesting Body=399 Center=10 JD=2461049.91503 ET=821224658.36
[DEBUG_SPK] Requesting Body=399 Center=10 JD=2461050.08169 ET=821239058.36
[DEBUG_ASTDYN] MJD=61049.42
  Ast Helio (Equat ICRF): [-0.20  2.52  1.21] AU
  Earth Helio (ICRF):     [-0.32  0.85  0.37] AU
  Relative (ICRF):        [0.11 1.67 0.84] AU
  Result RA/Dec:          86.09 / 26.55
[DEBUG_ASTDYN] MJD=61049.42
  Ast Helio (Equat ICRF): [-0.20  2.52  1.21] AU
  Earth Helio (ICRF):     [-0.32  0.85  0.37] AU
  Relative (ICRF):        [0.11 1.67 0.84] AU
  Result RA/Dec:          86.08 / 26.55
[PHASE2] Event Found! Star: 3441356461614966400 Min Dist: 540.06 mas
Processed Phase 2 for all candidates.
--------------------------------------------------
CANDIDATE RESULT (Phase 2):
  Star ID:  3441368216942218240
  Star Pos: RA=86.080423 Dec=26.565272
  Date:     61049.41324
  CA Dist:  58.787"
  Duration: 0.00 s
--------------------------------------------------
--------------------------------------------------
CANDIDATE RESULT (Phase 2):
  Star ID:  3441368182582939136
  Star Pos: RA=86.068119 Dec=26.555894
  Date:     61049.46528
  CA Dist:  40.047"
  Duration: 0.00 s
--------------------------------------------------
--------------------------------------------------
CANDIDATE RESULT (Phase 2):
  Star ID:  3441368182582486016
  Star Pos: RA=86.069996 Dec=26.551406
  Date:     61049.46528
  CA Dist:  23.689"
  Duration: 0.00 s
--------------------------------------------------
--------------------------------------------------
CANDIDATE RESULT (Phase 2):
  Star ID:  3441368143930500864
  Star Pos: RA=86.049137 Dec=26.554228
  Date:     61049.54861
  CA Dist:  52.693"
  Duration: 0.00 s
--------------------------------------------------
--------------------------------------------------
CANDIDATE RESULT (Phase 2):
  Star ID:  3441368143925110912
  Star Pos: RA=86.045943 Dec=26.551512
  Date:     61049.58883
  CA Dist:  44.253"
  Duration: 0.00 s
--------------------------------------------------
--------------------------------------------------
CANDIDATE RESULT (Phase 2):
  Star ID:  3441368079503276032
  Star Pos: RA=86.059049 Dec=26.545247
  Date:     61049.53980
  CA Dist:  10.221"
  Duration: 0.00 s
--------------------------------------------------
--------------------------------------------------
CANDIDATE RESULT (Phase 2):
  Star ID:  3441368075206526336
  Star Pos: RA=86.058261 Dec=26.547915
  Date:     61049.53919
  CA Dist:  20.148"
  Duration: 0.00 s
--------------------------------------------------
--------------------------------------------------
CANDIDATE RESULT (Phase 2):
  Star ID:  3441368045143547648
  Star Pos: RA=86.044978 Dec=26.533545
  Date:     61049.62110
  CA Dist:  16.604"
  Duration: 0.00 s
--------------------------------------------------
--------------------------------------------------
CANDIDATE RESULT (Phase 2):
  Star ID:  3441368045143543168
  Star Pos: RA=86.053948 Dec=26.538030
  Date:     61049.54861
  CA Dist:  19.876"
  Duration: 0.00 s
--------------------------------------------------
--------------------------------------------------
CANDIDATE RESULT (Phase 2):
  Star ID:  3441367216212990976
  Star Pos: RA=85.888177 Dec=26.510179
  Date:     61050.34028
  CA Dist:  57.453"
  Duration: 0.00 s
--------------------------------------------------
--------------------------------------------------
CANDIDATE RESULT (Phase 2):
  Star ID:  3441367216212988416
  Star Pos: RA=85.891205 Dec=26.509082
  Date:     61050.34028
  CA Dist:  48.792"
  Duration: 0.00 s
--------------------------------------------------
--------------------------------------------------
CANDIDATE RESULT (Phase 2):
  Star ID:  3441367048708856832
  Star Pos: RA=85.922246 Dec=26.517636
  Date:     61050.17361
  CA Dist:  50.281"
  Duration: 0.00 s
--------------------------------------------------
--------------------------------------------------
CANDIDATE RESULT (Phase 2):
  Star ID:  3441367044414317184
  Star Pos: RA=85.922347 Dec=26.517392
  Date:     61050.17361
  CA Dist:  49.393"
  Duration: 0.00 s
--------------------------------------------------
--------------------------------------------------
CANDIDATE RESULT (Phase 2):
  Star ID:  3441367014351445376
  Star Pos: RA=85.905906 Dec=26.504548
  Date:     61050.29609
  CA Dist:  17.788"
  Duration: 0.00 s
--------------------------------------------------
--------------------------------------------------
CANDIDATE RESULT (Phase 2):
  Star ID:  3441367014351443200
  Star Pos: RA=85.903972 Dec=26.513680
  Date:     61050.29018
  CA Dist:  51.008"
  Duration: 0.00 s
--------------------------------------------------
--------------------------------------------------
CANDIDATE RESULT (Phase 2):
  Star ID:  3441367010053746816
  Star Pos: RA=85.903651 Dec=26.512111
  Date:     61050.29417
  CA Dist:  45.935"
  Duration: 0.00 s
--------------------------------------------------
--------------------------------------------------
CANDIDATE RESULT (Phase 2):
  Star ID:  3441366975694827520
  Star Pos: RA=85.926665 Dec=26.510333
  Date:     61050.17361
  CA Dist:  21.568"
  Duration: 0.00 s
--------------------------------------------------
--------------------------------------------------
CANDIDATE RESULT (Phase 2):
  Star ID:  3441366941335046656
  Star Pos: RA=85.916137 Dec=26.490474
  Date:     61050.25694
  CA Dist:  41.746"
  Duration: 0.00 s
--------------------------------------------------
--------------------------------------------------
CANDIDATE RESULT (Phase 2):
  Star ID:  3441366842552708608
  Star Pos: RA=86.014913 Dec=26.547483
  Date:     61049.71528
  CA Dist:  61.463"
  Duration: 0.00 s
--------------------------------------------------
--------------------------------------------------
CANDIDATE RESULT (Phase 2):
  Star ID:  3441366803896186368
  Star Pos: RA=86.010416 Dec=26.537247
  Date:     61049.75694
  CA Dist:  30.653"
  Duration: 0.00 s
--------------------------------------------------
--------------------------------------------------
CANDIDATE RESULT (Phase 2):
  Star ID:  3441366769536442624
  Star Pos: RA=85.982330 Dec=26.533884
  Date:     61049.88194
  CA Dist:  46.759"
  Duration: 0.00 s
--------------------------------------------------
--------------------------------------------------
CANDIDATE RESULT (Phase 2):
  Star ID:  3441366705113771520
  Star Pos: RA=85.983344 Dec=26.528934
  Date:     61049.88194
  CA Dist:  31.199"
  Duration: 0.00 s
--------------------------------------------------
--------------------------------------------------
CANDIDATE RESULT (Phase 2):
  Star ID:  3441366705113769728
  Star Pos: RA=85.987661 Dec=26.531515
  Date:     61049.88194
  CA Dist:  31.321"
  Duration: 0.00 s
--------------------------------------------------
--------------------------------------------------
CANDIDATE RESULT (Phase 2):
  Star ID:  3441366705113768192
  Star Pos: RA=85.994909 Dec=26.529129
  Date:     61049.84028
  CA Dist:  18.458"
  Duration: 0.00 s
--------------------------------------------------
--------------------------------------------------
CANDIDATE RESULT (Phase 2):
  Star ID:  3441366602034549888
  Star Pos: RA=86.013983 Dec=26.521910
  Date:     61049.75694
  CA Dist:  30.786"
  Duration: 0.00 s
--------------------------------------------------
--------------------------------------------------
CANDIDATE RESULT (Phase 2):
  Star ID:  3441366597737738624
  Star Pos: RA=86.021194 Dec=26.526332
  Date:     61049.71528
  CA Dist:  24.861"
  Duration: 0.00 s
--------------------------------------------------
--------------------------------------------------
CANDIDATE RESULT (Phase 2):
  Star ID:  3441366563377993088
  Star Pos: RA=86.037213 Dec=26.521998
  Date:     61049.67361
  CA Dist:  48.890"
  Duration: 0.00 s
--------------------------------------------------
--------------------------------------------------
CANDIDATE RESULT (Phase 2):
  Star ID:  3441366464596665856
  Star Pos: RA=85.986164 Dec=26.507648
  Date:     61049.92361
  CA Dist:  49.288"
  Duration: 0.00 s
--------------------------------------------------
--------------------------------------------------
CANDIDATE RESULT (Phase 2):
  Star ID:  3441366464593282688
  Star Pos: RA=85.985188 Dec=26.509222
  Date:     61049.92361
  CA Dist:  43.036"
  Duration: 0.00 s
--------------------------------------------------
--------------------------------------------------
CANDIDATE RESULT (Phase 2):
  Star ID:  3441366460301247360
  Star Pos: RA=85.990718 Dec=26.513945
  Date:     61049.88194
  CA Dist:  33.439"
  Duration: 0.00 s
--------------------------------------------------
--------------------------------------------------
CANDIDATE RESULT (Phase 2):
  Star ID:  3441366460298758144
  Star Pos: RA=85.989809 Dec=26.514290
  Date:     61049.88194
  CA Dist:  32.307"
  Duration: 0.00 s
--------------------------------------------------
--------------------------------------------------
CANDIDATE RESULT (Phase 2):
  Star ID:  3441366361516398080
  Star Pos: RA=85.955627 Dec=26.520197
  Date:     61050.04512
  CA Dist:  23.313"
  Duration: 0.00 s
--------------------------------------------------
--------------------------------------------------
CANDIDATE RESULT (Phase 2):
  Star ID:  3441366357219555328
  Star Pos: RA=85.960512 Dec=26.519447
  Date:     61050.00694
  CA Dist:  19.836"
  Duration: 0.00 s
--------------------------------------------------
--------------------------------------------------
CANDIDATE RESULT (Phase 2):
  Star ID:  3441366322859801216 (TARGET)
  Star Pos: RA=85.949975 Dec=26.512138
  Date:     61050.08358
  CA Dist:  1.097"
  Duration: 1.69 s
  Shadow Path (21 pts):
    - Lat:  17.9709 Lon: -100.7042 MJD: 61050.0801
    - Lat:  16.7767 Lon: -116.4465 MJD: 61050.0818
    - Lat:  13.6324 Lon: -130.5323 MJD: 61050.0836
    - Lat:   8.8096 Lon: -143.8978 MJD: 61050.0853
    - Lat:   2.1491 Lon: -157.5387 MJD: 61050.0871
--------------------------------------------------
--------------------------------------------------
CANDIDATE RESULT (Phase 2):
  Star ID:  3441366322859786240
  Star Pos: RA=85.949784 Dec=26.506001
  Date:     61050.09028
  CA Dist:  19.973"
  Duration: 1.69 s
--------------------------------------------------
--------------------------------------------------
CANDIDATE RESULT (Phase 2):
  Star ID:  3441366292796921984
  Star Pos: RA=85.968118 Dec=26.508554
  Date:     61050.00694
  CA Dist:  28.736"
  Duration: 1.69 s
--------------------------------------------------
--------------------------------------------------
CANDIDATE RESULT (Phase 2):
  Star ID:  3441366292796919296
  Star Pos: RA=85.967997 Dec=26.514610
  Date:     61049.99798
  CA Dist:  7.818"
  Duration: 1.69 s
--------------------------------------------------
--------------------------------------------------
CANDIDATE RESULT (Phase 2):
  Star ID:  3441366288500046208
  Star Pos: RA=85.971802 Dec=26.504344
  Date:     61049.99705
  CA Dist:  46.752"
  Duration: 1.69 s
--------------------------------------------------
--------------------------------------------------
CANDIDATE RESULT (Phase 2):
  Star ID:  3441366258438240000
  Star Pos: RA=85.958268 Dec=26.503911
  Date:     61050.04861
  CA Dist:  35.879"
  Duration: 1.69 s
--------------------------------------------------
--------------------------------------------------
CANDIDATE RESULT (Phase 2):
  Star ID:  3441366258434866304
  Star Pos: RA=85.957926 Dec=26.503401
  Date:     61050.04861
  CA Dist:  37.613"
  Duration: 1.69 s
--------------------------------------------------
--------------------------------------------------
CANDIDATE RESULT (Phase 2):
  Star ID:  3441362547585654528
  Star Pos: RA=86.173437 Dec=26.578645
  Date:     61048.99306
  CA Dist:  19.616"
  Duration: 1.69 s
--------------------------------------------------
--------------------------------------------------
CANDIDATE RESULT (Phase 2):
  Star ID:  3441362543288699264
  Star Pos: RA=86.174629 Dec=26.572831
  Date:     61048.99306
  CA Dist:  8.207"
  Duration: 1.69 s
--------------------------------------------------
--------------------------------------------------
CANDIDATE RESULT (Phase 2):
  Star ID:  3441356908291608704
  Star Pos: RA=86.127803 Dec=26.575074
  Date:     61049.17361
  CA Dist:  48.624"
  Duration: 1.69 s
--------------------------------------------------
--------------------------------------------------
CANDIDATE RESULT (Phase 2):
  Star ID:  3441356843868813312
  Star Pos: RA=86.102244 Dec=26.562152
  Date:     61049.29861
  CA Dist:  31.326"
  Duration: 1.69 s
--------------------------------------------------
--------------------------------------------------
CANDIDATE RESULT (Phase 2):
  Star ID:  3441356839572103936
  Star Pos: RA=86.099034 Dec=26.560561
  Date:     61049.33742
  CA Dist:  24.942"
  Duration: 1.69 s
--------------------------------------------------
--------------------------------------------------
CANDIDATE RESULT (Phase 2):
  Star ID:  3441356805212382336
  Star Pos: RA=86.126666 Dec=26.568835
  Date:     61049.17361
  CA Dist:  33.522"
  Duration: 1.69 s
--------------------------------------------------
--------------------------------------------------
CANDIDATE RESULT (Phase 2):
  Star ID:  3441356775149338368
  Star Pos: RA=86.103583 Dec=26.555212
  Date:     61049.29861
  CA Dist:  18.573"
  Duration: 1.69 s
--------------------------------------------------
--------------------------------------------------
CANDIDATE RESULT (Phase 2):
  Star ID:  3441356770852622592
  Star Pos: RA=86.100447 Dec=26.557646
  Date:     61049.33559
  CA Dist:  13.572"
  Duration: 1.69 s
--------------------------------------------------
--------------------------------------------------
CANDIDATE RESULT (Phase 2):
  Star ID:  3441356702133169920
  Star Pos: RA=86.137240 Dec=26.570130
  Date:     61049.13194
  CA Dist:  26.125"
  Duration: 1.69 s
--------------------------------------------------
--------------------------------------------------
CANDIDATE RESULT (Phase 2):
  Star ID:  3441356633412757376
  Star Pos: RA=86.154458 Dec=26.554148
  Date:     61049.09028
  CA Dist:  49.927"
  Duration: 1.69 s
--------------------------------------------------
--------------------------------------------------
CANDIDATE RESULT (Phase 2):
  Star ID:  3441356603350920576
  Star Pos: RA=86.132343 Dec=26.553651
  Date:     61049.17361
  CA Dist:  35.235"
  Duration: 1.69 s
--------------------------------------------------
--------------------------------------------------
CANDIDATE RESULT (Phase 2):
  Star ID:  3441356599053927168
  Star Pos: RA=86.139277 Dec=26.554633
  Date:     61049.16722
  CA Dist:  33.464"
  Duration: 1.69 s
--------------------------------------------------
--------------------------------------------------
CANDIDATE RESULT (Phase 2):
  Star ID:  3441356568989058304
  Star Pos: RA=86.126327 Dec=26.548714
  Date:     61049.21528
  CA Dist:  43.572"
  Duration: 1.69 s
--------------------------------------------------
--------------------------------------------------
CANDIDATE RESULT (Phase 2):
  Star ID:  3441356564694179456
  Star Pos: RA=86.126560 Dec=26.549246
  Date:     61049.21528
  CA Dist:  41.658"
  Duration: 1.69 s
--------------------------------------------------
--------------------------------------------------
CANDIDATE RESULT (Phase 2):
  Star ID:  3441356461614966400
  Star Pos: RA=86.092671 Dec=26.551717
  Date:     61049.37940
  CA Dist:  0.540"
  Duration: 1.67 s
  Shadow Path (21 pts):
    - Lat:  24.7949 Lon:   4.9410 MJD: 61049.3759
    - Lat:  23.5917 Lon: -11.7868 MJD: 61049.3777
    - Lat:  20.3537 Lon: -26.6790 MJD: 61049.3794
    - Lat:  15.4017 Lon: -40.6594 MJD: 61049.3811
    - Lat:   8.6285 Lon: -54.7330 MJD: 61049.3829
  *** VALID OCCULTATION (<1") ***
--------------------------------------------------
--------------------------------------------------
CANDIDATE RESULT (Phase 2):
  Star ID:  3441356427255208832
  Star Pos: RA=86.075463 Dec=26.541985
  Date:     61049.46528
  CA Dist:  17.124"
  Duration: 1.67 s
--------------------------------------------------
--------------------------------------------------
CANDIDATE RESULT (Phase 2):
  Star ID:  3441356397192217088
  Star Pos: RA=86.109007 Dec=26.546186
  Date:     61049.29861
  CA Dist:  35.787"
  Duration: 1.67 s
--------------------------------------------------
--------------------------------------------------
CANDIDATE RESULT (Phase 2):
  Star ID:  3441356362832485120
  Star Pos: RA=86.091593 Dec=26.539934
  Date:     61049.38194
  CA Dist:  41.434"
  Duration: 1.67 s
--------------------------------------------------
--------------------------------------------------
CANDIDATE RESULT (Phase 2):
  Star ID:  3441356358535730944
  Star Pos: RA=86.092244 Dec=26.537391
  Date:     61049.38194
  CA Dist:  50.541"
  Duration: 1.67 s
--------------------------------------------------
--------------------------------------------------
CANDIDATE RESULT (Phase 2):
  Star ID:  3441356358535727104
  Star Pos: RA=86.084058 Dec=26.538099
  Date:     61049.42361
  CA Dist:  39.562"
  Duration: 1.67 s
--------------------------------------------------
--------------------------------------------------
CANDIDATE RESULT (Phase 2):
  Star ID:  3441356358534851200
  Star Pos: RA=86.090743 Dec=26.544162
  Date:     61049.38194
  CA Dist:  26.586"
  Duration: 1.67 s
--------------------------------------------------
--------------------------------------------------
CANDIDATE RESULT (Phase 2):
  Star ID:  3441356255456499712
  Star Pos: RA=86.072179 Dec=26.530765
  Date:     61049.50340
  CA Dist:  52.080"
  Duration: 1.67 s
--------------------------------------------------
--------------------------------------------------
CANDIDATE RESULT (Phase 2):
  Star ID:  3441355911859175936
  Star Pos: RA=86.171808 Dec=26.563070
  Date:     61049.00694
  CA Dist:  35.057"
  Duration: 1.67 s
--------------------------------------------------
--------------------------------------------------
CANDIDATE RESULT (Phase 2):
  Star ID:  3441354816644279680
  Star Pos: RA=86.045096 Dec=26.522420
  Date:     61049.63194
  CA Dist:  55.119"
  Duration: 1.67 s
--------------------------------------------------
--------------------------------------------------
CANDIDATE RESULT (Phase 2):
  Star ID:  3441346325491986560
  Star Pos: RA=85.764016 Dec=26.472282
  Date:     61051.00075
  CA Dist:  46.625"
  Duration: 1.67 s
--------------------------------------------------
--------------------------------------------------
CANDIDATE RESULT (Phase 2):
  Star ID:  3441346261069507584
  Star Pos: RA=85.801111 Dec=26.486951
  Date:     61050.79861
  CA Dist:  60.298"
  Duration: 1.67 s
--------------------------------------------------
--------------------------------------------------
CANDIDATE RESULT (Phase 2):
  Star ID:  3441346226710789120
  Star Pos: RA=85.815300 Dec=26.485808
  Date:     61050.71528
  CA Dist:  45.724"
  Duration: 1.67 s
--------------------------------------------------
--------------------------------------------------
CANDIDATE RESULT (Phase 2):
  Star ID:  3441346157990304512
  Star Pos: RA=85.774686 Dec=26.471418
  Date:     61050.92361
  CA Dist:  38.333"
  Duration: 1.67 s
--------------------------------------------------
--------------------------------------------------
CANDIDATE RESULT (Phase 2):
  Star ID:  3441346153693288576
  Star Pos: RA=85.779095 Dec=26.468121
  Date:     61050.92361
  CA Dist:  19.839"
  Duration: 1.67 s
--------------------------------------------------
--------------------------------------------------
CANDIDATE RESULT (Phase 2):
  Star ID:  3441346123630569088
  Star Pos: RA=85.765405 Dec=26.467729
  Date:     61051.00194
  CA Dist:  29.654"
  Duration: 1.67 s
--------------------------------------------------
--------------------------------------------------
CANDIDATE RESULT (Phase 2):
  Star ID:  3441344852320255232
  Star Pos: RA=85.747550 Dec=26.461424
  Date:     61051.00694
  CA Dist:  63.870"
  Duration: 1.67 s
--------------------------------------------------
--------------------------------------------------
CANDIDATE RESULT (Phase 2):
  Star ID:  3441344852320253696
  Star Pos: RA=85.754460 Dec=26.461248
  Date:     61051.00694
  CA Dist:  41.685"
  Duration: 1.67 s
--------------------------------------------------
--------------------------------------------------
CANDIDATE RESULT (Phase 2):
  Star ID:  3441344646161825536
  Star Pos: RA=85.760230 Dec=26.448368
  Date:     61051.00694
  CA Dist:  46.387"
  Duration: 1.67 s
--------------------------------------------------
--------------------------------------------------
CANDIDATE RESULT (Phase 2):
  Star ID:  3441344646161824256
  Star Pos: RA=85.763645 Dec=26.450895
  Date:     61051.00694
  CA Dist:  33.470"
  Duration: 1.67 s
--------------------------------------------------
--------------------------------------------------
CANDIDATE RESULT (Phase 2):
  Star ID:  3441344646161823104
  Star Pos: RA=85.761472 Dec=26.457637
  Date:     61051.00694
  CA Dist:  19.972"
  Duration: 1.67 s
--------------------------------------------------
--------------------------------------------------
CANDIDATE RESULT (Phase 2):
  Star ID:  3441344573145279616
  Star Pos: RA=85.768010 Dec=26.448319
  Date:     61051.00694
  CA Dist:  40.715"
  Duration: 1.67 s
--------------------------------------------------
--------------------------------------------------
CANDIDATE RESULT (Phase 2):
  Star ID:  3441344573144572800
  Star Pos: RA=85.768659 Dec=26.446491
  Date:     61051.00694
  CA Dist:  47.440"
  Duration: 1.67 s
--------------------------------------------------
--------------------------------------------------
CANDIDATE RESULT (Phase 2):
  Star ID:  3441343748511662464
  Star Pos: RA=85.883791 Dec=26.499098
  Date:     61050.38194
  CA Dist:  26.137"
  Duration: 1.67 s
--------------------------------------------------
--------------------------------------------------
CANDIDATE RESULT (Phase 2):
  Star ID:  3441343714151931008
  Star Pos: RA=85.870574 Dec=26.503486
  Date:     61050.45907
  CA Dist:  48.599"
  Duration: 1.67 s
--------------------------------------------------
--------------------------------------------------
CANDIDATE RESULT (Phase 2):
  Star ID:  3441343645432428544
  Star Pos: RA=85.832579 Dec=26.489396
  Date:     61050.63194
  CA Dist:  40.879"
  Duration: 1.67 s
--------------------------------------------------
--------------------------------------------------
CANDIDATE RESULT (Phase 2):
  Star ID:  3441343615369638144
  Star Pos: RA=85.854221 Dec=26.486904
  Date:     61050.54861
  CA Dist:  11.334"
  Duration: 1.67 s
--------------------------------------------------
--------------------------------------------------
CANDIDATE RESULT (Phase 2):
  Star ID:  3441343581009903232
  Star Pos: RA=85.853575 Dec=26.476284
  Date:     61050.58133
  CA Dist:  28.051"
  Duration: 1.67 s
--------------------------------------------------
--------------------------------------------------
CANDIDATE RESULT (Phase 2):
  Star ID:  3441343546650147968
  Star Pos: RA=85.891778 Dec=26.493217
  Date:     61050.37886
  CA Dist:  7.335"
  Duration: 1.67 s
--------------------------------------------------
--------------------------------------------------
CANDIDATE RESULT (Phase 2):
  Star ID:  3441343546650146176
  Star Pos: RA=85.893655 Dec=26.495904
  Date:     61050.34028
  CA Dist:  17.266"
  Duration: 1.67 s
--------------------------------------------------
--------------------------------------------------
CANDIDATE RESULT (Phase 2):
  Star ID:  3441343512290415232
  Star Pos: RA=85.882646 Dec=26.489305
  Date:     61050.42361
  CA Dist:  12.050"
  Duration: 1.67 s
--------------------------------------------------
--------------------------------------------------
CANDIDATE RESULT (Phase 2):
  Star ID:  3441343507993475456
  Star Pos: RA=85.878166 Dec=26.487912
  Date:     61050.42361
  CA Dist:  21.363"
  Duration: 1.67 s
--------------------------------------------------
--------------------------------------------------
CANDIDATE RESULT (Phase 2):
  Star ID:  3441343477930892544
  Star Pos: RA=85.907910 Dec=26.486912
  Date:     61050.29861
  CA Dist:  46.101"
  Duration: 1.67 s
--------------------------------------------------
--------------------------------------------------
CANDIDATE RESULT (Phase 2):
  Star ID:  3441343439273985024
  Star Pos: RA=85.889504 Dec=26.480514
  Date:     61050.38194
  CA Dist:  52.185"
  Duration: 1.67 s
--------------------------------------------------
--------------------------------------------------
CANDIDATE RESULT (Phase 2):
  Star ID:  3441343404914244096
  Star Pos: RA=85.868835 Dec=26.479994
  Date:     61050.50530
  CA Dist:  30.279"
  Duration: 1.67 s
--------------------------------------------------
--------------------------------------------------
CANDIDATE RESULT (Phase 2):
  Star ID:  3441343404914233088
  Star Pos: RA=85.871965 Dec=26.474119
  Date:     61050.50054
  CA Dist:  53.494"
  Duration: 1.67 s
--------------------------------------------------
--------------------------------------------------
CANDIDATE RESULT (Phase 2):
  Star ID:  3441343271772270464
  Star Pos: RA=85.822920 Dec=26.466587
  Date:     61050.71528
  CA Dist:  34.706"
  Duration: 1.67 s
--------------------------------------------------
--------------------------------------------------
CANDIDATE RESULT (Phase 2):
  Star ID:  3441343271772265216
  Star Pos: RA=85.829295 Dec=26.474429
  Date:     61050.67361
  CA Dist:  18.258"
  Duration: 1.67 s
--------------------------------------------------
--------------------------------------------------
CANDIDATE RESULT (Phase 2):
  Star ID:  3441343237412534784
  Star Pos: RA=85.817925 Dec=26.461862
  Date:     61050.75694
  CA Dist:  43.183"
  Duration: 1.67 s
--------------------------------------------------
--------------------------------------------------
CANDIDATE RESULT (Phase 2):
  Star ID:  3441343237412532608
  Star Pos: RA=85.818936 Dec=26.468920
  Date:     61050.75272
  CA Dist:  19.233"
  Duration: 1.67 s
--------------------------------------------------
--------------------------------------------------
CANDIDATE RESULT (Phase 2):
  Star ID:  3441343168693056512
  Star Pos: RA=85.825662 Dec=26.461428
  Date:     61050.71528
  CA Dist:  53.049"
  Duration: 1.67 s
--------------------------------------------------

Native API refactor workflow completed.
