Could not open IAU catalog: data/IAU-CSN.json
Could not open star names database: data/common_star_names.csv
Loaded 23 stars from embedded database
Loaded star names from embedded database
ITALOccultCalc v1.0 [Native API Workflow]
SPICESPKReader: Loaded /Users/michelebigi/.ioccultcalc/ephemerides/de440.bsp
Successfully loaded de440.bsp
✓ DE441 loaded (Native Reader): /Users/michelebigi/.ioccultcalc/ephemerides/de441_part-2.bsp
Loading asteroid 34713 elements from EQ1...
[AstDynWrapper] Caricata matrice di covarianza per 
Phase 1: Screening stars in 1 deg corridor...
[PHASE1] Starting native screening for 34713 (MJD 61049 to 61051)...
[PHASE1] Path start: RA=86.1672 Dec=26.5727
[PHASE1] Path end:   RA=85.7652 Dec=26.4597
[PHASE1] Querying Gaia catalog with 49 ICRF points...
Optimized Corridor: 49 points -> 1 query cones.
[PHASE1] Screening complete. Found 95 candidates (24745 stars in corridor).
Found 95 candidates (24745 stars initially in corridor).
[VERIFY] Star 3441366322859801216 FOUND in Phase 1 candidates!

Phase 2: Calculating precise geometry for 95 candidates...
[DEBUG_SPK] Requesting Body=399 Center=10 JD=2461049.41503 ET=821181458.36
DEBUG SPK frame=J2000 body=399 center=10:
  pos=[-0.30833, 0.856767, 0.371396] AU
[DEBUG_SPK] Requesting Body=399 Center=10 JD=2461049.58169 ET=821195858.36
[DEBUG_SPK] Requesting Body=399 Center=10 JD=2461049.74836 ET=821210258.36
[DEBUG_SPK] Requesting Body=399 Center=10 JD=2461049.91503 ET=821224658.36
[DEBUG_SPK] Requesting Body=399 Center=10 JD=2461050.08169 ET=821239058.36
[DEBUG_ASTDYN] MJD=61049.42
  Ast Helio (Equat ICRF): [-0.20  2.52  1.21] AU
  Earth Helio (ICRF):     [-0.32  0.85  0.37] AU
  Relative (ICRF):        [0.11 1.67 0.84] AU
  Result RA/Dec:          86.09 / 26.55
[DEBUG_ASTDYN] MJD=61049.42
  Ast Helio (Equat ICRF): [-0.20  2.52  1.21] AU
  Earth Helio (ICRF):     [-0.32  0.85  0.37] AU
  Relative (ICRF):        [0.11 1.67 0.84] AU
  Result RA/Dec:          86.08 / 26.55
[PHASE2] Event Found! Star: 3441356461614966400 Min Dist: 540.06 mas
Processed Phase 2 for all candidates.
--------------------------------------------------
CANDIDATE RESULT (Phase 2):
  Star ID:  3441368216942218240
  Date:     61049.41324
  CA Dist:  58.787"
--------------------------------------------------
--------------------------------------------------
CANDIDATE RESULT (Phase 2):
  Star ID:  3441368182582939136
  Date:     61049.46528
  CA Dist:  40.047"
--------------------------------------------------
--------------------------------------------------
CANDIDATE RESULT (Phase 2):
  Star ID:  3441368182582486016
  Date:     61049.46528
  CA Dist:  23.689"
--------------------------------------------------
--------------------------------------------------
CANDIDATE RESULT (Phase 2):
  Star ID:  3441368143930500864
  Date:     61049.54861
  CA Dist:  52.693"
--------------------------------------------------
--------------------------------------------------
CANDIDATE RESULT (Phase 2):
  Star ID:  3441368143925110912
  Date:     61049.58883
  CA Dist:  44.253"
--------------------------------------------------
--------------------------------------------------
CANDIDATE RESULT (Phase 2):
  Star ID:  3441368079503276032
  Date:     61049.53980
  CA Dist:  10.221"
--------------------------------------------------
--------------------------------------------------
CANDIDATE RESULT (Phase 2):
  Star ID:  3441368075206526336
  Date:     61049.53919
  CA Dist:  20.148"
--------------------------------------------------
--------------------------------------------------
CANDIDATE RESULT (Phase 2):
  Star ID:  3441368045143547648
  Date:     61049.62110
  CA Dist:  16.604"
--------------------------------------------------
--------------------------------------------------
CANDIDATE RESULT (Phase 2):
  Star ID:  3441368045143543168
  Date:     61049.54861
  CA Dist:  19.876"
--------------------------------------------------
--------------------------------------------------
CANDIDATE RESULT (Phase 2):
  Star ID:  3441367216212990976
  Date:     61050.34028
  CA Dist:  57.453"
--------------------------------------------------
--------------------------------------------------
CANDIDATE RESULT (Phase 2):
  Star ID:  3441367216212988416
  Date:     61050.34028
  CA Dist:  48.792"
--------------------------------------------------
--------------------------------------------------
CANDIDATE RESULT (Phase 2):
  Star ID:  3441367048708856832
  Date:     61050.17361
  CA Dist:  50.281"
--------------------------------------------------
--------------------------------------------------
CANDIDATE RESULT (Phase 2):
  Star ID:  3441367044414317184
  Date:     61050.17361
  CA Dist:  49.393"
--------------------------------------------------
--------------------------------------------------
CANDIDATE RESULT (Phase 2):
  Star ID:  3441367014351445376
  Date:     61050.29609
  CA Dist:  17.788"
--------------------------------------------------
--------------------------------------------------
CANDIDATE RESULT (Phase 2):
  Star ID:  3441367014351443200
  Date:     61050.29018
  CA Dist:  51.008"
--------------------------------------------------
--------------------------------------------------
CANDIDATE RESULT (Phase 2):
  Star ID:  3441367010053746816
  Date:     61050.29417
  CA Dist:  45.935"
--------------------------------------------------
--------------------------------------------------
CANDIDATE RESULT (Phase 2):
  Star ID:  3441366975694827520
  Date:     61050.17361
  CA Dist:  21.568"
--------------------------------------------------
--------------------------------------------------
CANDIDATE RESULT (Phase 2):
  Star ID:  3441366941335046656
  Date:     61050.25694
  CA Dist:  41.746"
--------------------------------------------------
--------------------------------------------------
CANDIDATE RESULT (Phase 2):
  Star ID:  3441366842552708608
  Date:     61049.71528
  CA Dist:  61.463"
--------------------------------------------------
--------------------------------------------------
CANDIDATE RESULT (Phase 2):
  Star ID:  3441366803896186368
  Date:     61049.75694
  CA Dist:  30.653"
--------------------------------------------------
--------------------------------------------------
CANDIDATE RESULT (Phase 2):
  Star ID:  3441366769536442624
  Date:     61049.88194
  CA Dist:  46.759"
--------------------------------------------------
--------------------------------------------------
CANDIDATE RESULT (Phase 2):
  Star ID:  3441366705113771520
  Date:     61049.88194
  CA Dist:  31.199"
--------------------------------------------------
--------------------------------------------------
CANDIDATE RESULT (Phase 2):
  Star ID:  3441366705113769728
  Date:     61049.88194
  CA Dist:  31.321"
--------------------------------------------------
--------------------------------------------------
CANDIDATE RESULT (Phase 2):
  Star ID:  3441366705113768192
  Date:     61049.84028
  CA Dist:  18.458"
--------------------------------------------------
--------------------------------------------------
CANDIDATE RESULT (Phase 2):
  Star ID:  3441366602034549888
  Date:     61049.75694
  CA Dist:  30.786"
--------------------------------------------------
--------------------------------------------------
CANDIDATE RESULT (Phase 2):
  Star ID:  3441366597737738624
  Date:     61049.71528
  CA Dist:  24.861"
--------------------------------------------------
--------------------------------------------------
CANDIDATE RESULT (Phase 2):
  Star ID:  3441366563377993088
  Date:     61049.67361
  CA Dist:  48.890"
--------------------------------------------------
--------------------------------------------------
CANDIDATE RESULT (Phase 2):
  Star ID:  3441366464596665856
  Date:     61049.92361
  CA Dist:  49.288"
--------------------------------------------------
--------------------------------------------------
CANDIDATE RESULT (Phase 2):
  Star ID:  3441366464593282688
  Date:     61049.92361
  CA Dist:  43.036"
--------------------------------------------------
--------------------------------------------------
CANDIDATE RESULT (Phase 2):
  Star ID:  3441366460301247360
  Date:     61049.88194
  CA Dist:  33.439"
--------------------------------------------------
--------------------------------------------------
CANDIDATE RESULT (Phase 2):
  Star ID:  3441366460298758144
  Date:     61049.88194
  CA Dist:  32.307"
--------------------------------------------------
--------------------------------------------------
CANDIDATE RESULT (Phase 2):
  Star ID:  3441366361516398080
  Date:     61050.04512
  CA Dist:  23.313"
--------------------------------------------------
--------------------------------------------------
CANDIDATE RESULT (Phase 2):
  Star ID:  3441366357219555328
  Date:     61050.00694
  CA Dist:  19.836"
--------------------------------------------------
--------------------------------------------------
CANDIDATE RESULT (Phase 2):
  Star ID:  3441366322859801216 (TARGET)
  Date:     61050.08358
  CA Dist:  1.097"
--------------------------------------------------
--------------------------------------------------
CANDIDATE RESULT (Phase 2):
  Star ID:  3441366322859786240
  Date:     61050.09028
  CA Dist:  19.973"
--------------------------------------------------
--------------------------------------------------
CANDIDATE RESULT (Phase 2):
  Star ID:  3441366292796921984
  Date:     61050.00694
  CA Dist:  28.736"
--------------------------------------------------
--------------------------------------------------
CANDIDATE RESULT (Phase 2):
  Star ID:  3441366292796919296
  Date:     61049.99798
  CA Dist:  7.818"
--------------------------------------------------
--------------------------------------------------
CANDIDATE RESULT (Phase 2):
  Star ID:  3441366288500046208
  Date:     61049.99705
  CA Dist:  46.752"
--------------------------------------------------
--------------------------------------------------
CANDIDATE RESULT (Phase 2):
  Star ID:  3441366258438240000
  Date:     61050.04861
  CA Dist:  35.879"
--------------------------------------------------
--------------------------------------------------
CANDIDATE RESULT (Phase 2):
  Star ID:  3441366258434866304
  Date:     61050.04861
  CA Dist:  37.613"
--------------------------------------------------
--------------------------------------------------
CANDIDATE RESULT (Phase 2):
  Star ID:  3441362547585654528
  Date:     61048.99306
  CA Dist:  19.616"
--------------------------------------------------
--------------------------------------------------
CANDIDATE RESULT (Phase 2):
  Star ID:  3441362543288699264
  Date:     61048.99306
  CA Dist:  8.207"
--------------------------------------------------
--------------------------------------------------
CANDIDATE RESULT (Phase 2):
  Star ID:  3441356908291608704
  Date:     61049.17361
  CA Dist:  48.624"
--------------------------------------------------
--------------------------------------------------
CANDIDATE RESULT (Phase 2):
  Star ID:  3441356843868813312
  Date:     61049.29861
  CA Dist:  31.326"
--------------------------------------------------
--------------------------------------------------
CANDIDATE RESULT (Phase 2):
  Star ID:  3441356839572103936
  Date:     61049.33742
  CA Dist:  24.942"
--------------------------------------------------
--------------------------------------------------
CANDIDATE RESULT (Phase 2):
  Star ID:  3441356805212382336
  Date:     61049.17361
  CA Dist:  33.522"
--------------------------------------------------
--------------------------------------------------
CANDIDATE RESULT (Phase 2):
  Star ID:  3441356775149338368
  Date:     61049.29861
  CA Dist:  18.573"
--------------------------------------------------
--------------------------------------------------
CANDIDATE RESULT (Phase 2):
  Star ID:  3441356770852622592
  Date:     61049.33559
  CA Dist:  13.572"
--------------------------------------------------
--------------------------------------------------
CANDIDATE RESULT (Phase 2):
  Star ID:  3441356702133169920
  Date:     61049.13194
  CA Dist:  26.125"
--------------------------------------------------
--------------------------------------------------
CANDIDATE RESULT (Phase 2):
  Star ID:  3441356633412757376
  Date:     61049.09028
  CA Dist:  49.927"
--------------------------------------------------
--------------------------------------------------
CANDIDATE RESULT (Phase 2):
  Star ID:  3441356603350920576
  Date:     61049.17361
  CA Dist:  35.235"
--------------------------------------------------
--------------------------------------------------
CANDIDATE RESULT (Phase 2):
  Star ID:  3441356599053927168
  Date:     61049.16722
  CA Dist:  33.464"
--------------------------------------------------
--------------------------------------------------
CANDIDATE RESULT (Phase 2):
  Star ID:  3441356568989058304
  Date:     61049.21528
  CA Dist:  43.572"
--------------------------------------------------
--------------------------------------------------
CANDIDATE RESULT (Phase 2):
  Star ID:  3441356564694179456
  Date:     61049.21528
  CA Dist:  41.658"
--------------------------------------------------
--------------------------------------------------
CANDIDATE RESULT (Phase 2):
  Star ID:  3441356461614966400
  Date:     61049.37940
  CA Dist:  0.540"
  *** VALID OCCULTATION (<1") ***
--------------------------------------------------
--------------------------------------------------
CANDIDATE RESULT (Phase 2):
  Star ID:  3441356427255208832
  Date:     61049.46528
  CA Dist:  17.124"
--------------------------------------------------
--------------------------------------------------
CANDIDATE RESULT (Phase 2):
  Star ID:  3441356397192217088
  Date:     61049.29861
  CA Dist:  35.787"
--------------------------------------------------
--------------------------------------------------
CANDIDATE RESULT (Phase 2):
  Star ID:  3441356362832485120
  Date:     61049.38194
  CA Dist:  41.434"
--------------------------------------------------
--------------------------------------------------
CANDIDATE RESULT (Phase 2):
  Star ID:  3441356358535730944
  Date:     61049.38194
  CA Dist:  50.541"
--------------------------------------------------
--------------------------------------------------
CANDIDATE RESULT (Phase 2):
  Star ID:  3441356358535727104
  Date:     61049.42361
  CA Dist:  39.562"
--------------------------------------------------
--------------------------------------------------
CANDIDATE RESULT (Phase 2):
  Star ID:  3441356358534851200
  Date:     61049.38194
  CA Dist:  26.586"
--------------------------------------------------
--------------------------------------------------
CANDIDATE RESULT (Phase 2):
  Star ID:  3441356255456499712
  Date:     61049.50340
  CA Dist:  52.080"
--------------------------------------------------
--------------------------------------------------
CANDIDATE RESULT (Phase 2):
  Star ID:  3441355911859175936
  Date:     61049.00694
  CA Dist:  35.057"
--------------------------------------------------
--------------------------------------------------
CANDIDATE RESULT (Phase 2):
  Star ID:  3441354816644279680
  Date:     61049.63194
  CA Dist:  55.119"
--------------------------------------------------
--------------------------------------------------
CANDIDATE RESULT (Phase 2):
  Star ID:  3441346325491986560
  Date:     61051.00075
  CA Dist:  46.625"
--------------------------------------------------
--------------------------------------------------
CANDIDATE RESULT (Phase 2):
  Star ID:  3441346261069507584
  Date:     61050.79861
  CA Dist:  60.298"
--------------------------------------------------
--------------------------------------------------
CANDIDATE RESULT (Phase 2):
  Star ID:  3441346226710789120
  Date:     61050.71528
  CA Dist:  45.724"
--------------------------------------------------
--------------------------------------------------
CANDIDATE RESULT (Phase 2):
  Star ID:  3441346157990304512
  Date:     61050.92361
  CA Dist:  38.333"
--------------------------------------------------
--------------------------------------------------
CANDIDATE RESULT (Phase 2):
  Star ID:  3441346153693288576
  Date:     61050.92361
  CA Dist:  19.839"
--------------------------------------------------
--------------------------------------------------
CANDIDATE RESULT (Phase 2):
  Star ID:  3441346123630569088
  Date:     61051.00194
  CA Dist:  29.654"
--------------------------------------------------
--------------------------------------------------
CANDIDATE RESULT (Phase 2):
  Star ID:  3441344852320255232
  Date:     61051.00694
  CA Dist:  63.870"
--------------------------------------------------
--------------------------------------------------
CANDIDATE RESULT (Phase 2):
  Star ID:  3441344852320253696
  Date:     61051.00694
  CA Dist:  41.685"
--------------------------------------------------
--------------------------------------------------
CANDIDATE RESULT (Phase 2):
  Star ID:  3441344646161825536
  Date:     61051.00694
  CA Dist:  46.387"
--------------------------------------------------
--------------------------------------------------
CANDIDATE RESULT (Phase 2):
  Star ID:  3441344646161824256
  Date:     61051.00694
  CA Dist:  33.470"
--------------------------------------------------
--------------------------------------------------
CANDIDATE RESULT (Phase 2):
  Star ID:  3441344646161823104
  Date:     61051.00694
  CA Dist:  19.972"
--------------------------------------------------
--------------------------------------------------
CANDIDATE RESULT (Phase 2):
  Star ID:  3441344573145279616
  Date:     61051.00694
  CA Dist:  40.715"
--------------------------------------------------
--------------------------------------------------
CANDIDATE RESULT (Phase 2):
  Star ID:  3441344573144572800
  Date:     61051.00694
  CA Dist:  47.440"
--------------------------------------------------
--------------------------------------------------
CANDIDATE RESULT (Phase 2):
  Star ID:  3441343748511662464
  Date:     61050.38194
  CA Dist:  26.137"
--------------------------------------------------
--------------------------------------------------
CANDIDATE RESULT (Phase 2):
  Star ID:  3441343714151931008
  Date:     61050.45907
  CA Dist:  48.599"
--------------------------------------------------
--------------------------------------------------
CANDIDATE RESULT (Phase 2):
  Star ID:  3441343645432428544
  Date:     61050.63194
  CA Dist:  40.879"
--------------------------------------------------
--------------------------------------------------
CANDIDATE RESULT (Phase 2):
  Star ID:  3441343615369638144
  Date:     61050.54861
  CA Dist:  11.334"
--------------------------------------------------
--------------------------------------------------
CANDIDATE RESULT (Phase 2):
  Star ID:  3441343581009903232
  Date:     61050.58133
  CA Dist:  28.051"
--------------------------------------------------
--------------------------------------------------
CANDIDATE RESULT (Phase 2):
  Star ID:  3441343546650147968
  Date:     61050.37886
  CA Dist:  7.335"
--------------------------------------------------
--------------------------------------------------
CANDIDATE RESULT (Phase 2):
  Star ID:  3441343546650146176
  Date:     61050.34028
  CA Dist:  17.266"
--------------------------------------------------
--------------------------------------------------
CANDIDATE RESULT (Phase 2):
  Star ID:  3441343512290415232
  Date:     61050.42361
  CA Dist:  12.050"
--------------------------------------------------
--------------------------------------------------
CANDIDATE RESULT (Phase 2):
  Star ID:  3441343507993475456
  Date:     61050.42361
  CA Dist:  21.363"
--------------------------------------------------
--------------------------------------------------
CANDIDATE RESULT (Phase 2):
  Star ID:  3441343477930892544
  Date:     61050.29861
  CA Dist:  46.101"
--------------------------------------------------
--------------------------------------------------
CANDIDATE RESULT (Phase 2):
  Star ID:  3441343439273985024
  Date:     61050.38194
  CA Dist:  52.185"
--------------------------------------------------
--------------------------------------------------
CANDIDATE RESULT (Phase 2):
  Star ID:  3441343404914244096
  Date:     61050.50530
  CA Dist:  30.279"
--------------------------------------------------
--------------------------------------------------
CANDIDATE RESULT (Phase 2):
  Star ID:  3441343404914233088
  Date:     61050.50054
  CA Dist:  53.494"
--------------------------------------------------
--------------------------------------------------
CANDIDATE RESULT (Phase 2):
  Star ID:  3441343271772270464
  Date:     61050.71528
  CA Dist:  34.706"
--------------------------------------------------
--------------------------------------------------
CANDIDATE RESULT (Phase 2):
  Star ID:  3441343271772265216
  Date:     61050.67361
  CA Dist:  18.258"
--------------------------------------------------
--------------------------------------------------
CANDIDATE RESULT (Phase 2):
  Star ID:  3441343237412534784
  Date:     61050.75694
  CA Dist:  43.183"
--------------------------------------------------
--------------------------------------------------
CANDIDATE RESULT (Phase 2):
  Star ID:  3441343237412532608
  Date:     61050.75272
  CA Dist:  19.233"
--------------------------------------------------
--------------------------------------------------
CANDIDATE RESULT (Phase 2):
  Star ID:  3441343168693056512
  Date:     61050.71528
  CA Dist:  53.049"
--------------------------------------------------

Native API refactor workflow completed.
